# JRE version: OpenJDK Runtime Environment (11.0.11+9) (build 11.0.11+9-b60-7590822)
# Java VM: OpenJDK 64-Bit Server VM (11.0.11+9-b60-7590822, mixed mode, tiered, compressed oops, g1 gc, windows-amd64)
Heap:
 garbage-first heap   total 190464K, used 51169K [0x0000000083000000, 0x0000000100000000)
  region size 1024K, 2 young (2048K), 2 survivors (2048K)
 Metaspace       used 59577K, capacity 60299K, committed 60420K, reserved 1101824K
  class space    used 6917K, capacity 7193K, committed 7252K, reserved 1048576K
GC Heap History (17 events):
Event: 0.563 GC heap before
{Heap before GC invocations=0 (full 0):
 garbage-first heap   total 129024K, used 27648K [0x0000000083000000, 0x0000000100000000)
  region size 1024K, 24 young (24576K), 0 survivors (0K)
 Metaspace       used 12355K, capacity 12504K, committed 12800K, reserved 1060864K
  class space    used 1165K, capacity 1207K, committed 1280K, reserved 1048576K
}
Event: 0.567 GC heap after
{Heap after GC invocations=1 (full 0):
 garbage-first heap   total 129024K, used 5804K [0x0000000083000000, 0x0000000100000000)
  region size 1024K, 3 young (3072K), 3 survivors (3072K)
 Metaspace       used 12355K, capacity 12504K, committed 12800K, reserved 1060864K
  class space    used 1165K, capacity 1207K, committed 1280K, reserved 1048576K
}
Event: 1.269 GC heap before
{Heap before GC invocations=1 (full 0):
 garbage-first heap   total 129024K, used 41644K [0x0000000083000000, 0x0000000100000000)
  region size 1024K, 39 young (39936K), 3 survivors (3072K)
 Metaspace       used 20928K, capacity 21178K, committed 21296K, reserved 1069056K
  class space    used 2280K, capacity 2379K, committed 2432K, reserved 1048576K
}
Event: 1.281 GC heap after
{Heap after GC invocations=2 (full 0):
 garbage-first heap   total 129024K, used 9553K [0x0000000083000000, 0x0000000100000000)
  region size 1024K, 7 young (7168K), 7 survivors (7168K)
 Metaspace       used 20928K, capacity 21178K, committed 21296K, reserved 1069056K
  class space    used 2280K, capacity 2379K, committed 2432K, reserved 1048576K
}
Event: 2.154 GC heap before
{Heap before GC invocations=3 (full 0):
 garbage-first heap   total 129024K, used 64849K [0x0000000083000000, 0x0000000100000000)
  region size 1024K, 56 young (57344K), 7 survivors (7168K)
 Metaspace       used 31991K, capacity 32491K, committed 32688K, reserved 1077248K
  class space    used 3831K, capacity 4037K, committed 4096K, reserved 1048576K
}
Event: 2.171 GC heap after
{Heap after GC invocations=4 (full 0):
 garbage-first heap   total 129024K, used 21048K [0x0000000083000000, 0x0000000100000000)
  region size 1024K, 7 young (7168K), 7 survivors (7168K)
 Metaspace       used 31991K, capacity 32491K, committed 32688K, reserved 1077248K
  class space    used 3831K, capacity 4037K, committed 4096K, reserved 1048576K
}
Event: 2.440 GC heap before
{Heap before GC invocations=4 (full 0):
 garbage-first heap   total 129024K, used 32312K [0x0000000083000000, 0x0000000100000000)
  region size 1024K, 19 young (19456K), 7 survivors (7168K)
 Metaspace       used 35267K, capacity 35730K, committed 35920K, reserved 1081344K
  class space    used 4405K, capacity 4583K, committed 4608K, reserved 1048576K
}
Event: 2.451 GC heap after
{Heap after GC invocations=5 (full 0):
 garbage-first heap   total 129024K, used 22333K [0x0000000083000000, 0x0000000100000000)
  region size 1024K, 6 young (6144K), 6 survivors (6144K)
 Metaspace       used 35267K, capacity 35730K, committed 35920K, reserved 1081344K
  class space    used 4405K, capacity 4583K, committed 4608K, reserved 1048576K
}
Event: 2.775 GC heap before
{Heap before GC invocations=6 (full 0):
 garbage-first heap   total 129024K, used 42813K [0x0000000083000000, 0x0000000100000000)
  region size 1024K, 26 young (26624K), 6 survivors (6144K)
 Metaspace       used 38583K, capacity 39059K, committed 39216K, reserved 1083392K
  class space    used 4763K, capacity 4944K, committed 4992K, reserved 1048576K
}
Event: 2.786 GC heap after
{Heap after GC invocations=7 (full 0):
 garbage-first heap   total 155648K, used 22255K [0x0000000083000000, 0x0000000100000000)
  region size 1024K, 3 young (3072K), 3 survivors (3072K)
 Metaspace       used 38583K, capacity 39059K, committed 39216K, reserved 1083392K
  class space    used 4763K, capacity 4944K, committed 4992K, reserved 1048576K
}
Event: 4.010 GC heap before
{Heap before GC invocations=7 (full 0):
 garbage-first heap   total 155648K, used 86767K [0x0000000083000000, 0x0000000100000000)
  region size 1024K, 63 young (64512K), 3 survivors (3072K)
 Metaspace       used 48472K, capacity 48993K, committed 49200K, reserved 1093632K
  class space    used 5733K, capacity 5946K, committed 6016K, reserved 1048576K
}
Event: 4.027 GC heap after
{Heap after GC invocations=8 (full 0):
 garbage-first heap   total 155648K, used 32252K [0x0000000083000000, 0x0000000100000000)
  region size 1024K, 8 young (8192K), 8 survivors (8192K)
 Metaspace       used 48472K, capacity 48993K, committed 49200K, reserved 1093632K
  class space    used 5733K, capacity 5946K, committed 6016K, reserved 1048576K
}
Event: 5.117 GC heap before
{Heap before GC invocations=8 (full 0):
 garbage-first heap   total 155648K, used 93692K [0x0000000083000000, 0x0000000100000000)
  region size 1024K, 68 young (69632K), 8 survivors (8192K)
 Metaspace       used 55841K, capacity 56503K, committed 56752K, reserved 1099776K
  class space    used 6588K, capacity 6850K, committed 6912K, reserved 1048576K
}
Event: 5.138 GC heap after
{Heap after GC invocations=9 (full 0):
 garbage-first heap   total 155648K, used 40297K [0x0000000083000000, 0x0000000100000000)
  region size 1024K, 8 young (8192K), 8 survivors (8192K)
 Metaspace       used 55841K, capacity 56503K, committed 56752K, reserved 1099776K
  class space    used 6588K, capacity 6850K, committed 6912K, reserved 1048576K
}
Event: 6.395 GC heap before
{Heap before GC invocations=9 (full 0):
 garbage-first heap   total 155648K, used 100713K [0x0000000083000000, 0x0000000100000000)
  region size 1024K, 67 young (68608K), 8 survivors (8192K)
 Metaspace       used 59297K, capacity 60002K, committed 60080K, reserved 1101824K
  class space    used 6883K, capacity 7157K, committed 7168K, reserved 1048576K
}
Event: 6.416 GC heap after
{Heap after GC invocations=10 (full 0):
 garbage-first heap   total 155648K, used 49152K [0x0000000083000000, 0x0000000100000000)
  region size 1024K, 9 young (9216K), 9 survivors (9216K)
 Metaspace       used 59297K, capacity 60002K, committed 60080K, reserved 1101824K
  class space    used 6883K, capacity 7157K, committed 7168K, reserved 1048576K
}
Event: 6.487 GC heap before
{Heap before GC invocations=10 (full 0):
 garbage-first heap   total 155648K, used 50176K [0x0000000083000000, 0x0000000100000000)
  region size 1024K, 11 young (11264K), 9 survivors (9216K)
 Metaspace       used 59577K, capacity 60299K, committed 60420K, reserved 1101824K
  class space    used 6917K, capacity 7193K, committed 7252K, reserved 1048576K
}

