# JRE version: OpenJDK Runtime Environment (11.0.11+9) (build 11.0.11+9-b60-7590822)
# Java VM: OpenJDK 64-Bit Server VM (11.0.11+9-b60-7590822, mixed mode, tiered, compressed oops, g1 gc, windows-amd64)
Heap:
 garbage-first heap   total 275456K, used 114344K [0x0000000080000000, 0x0000000100000000)
  region size 1024K, 3 young (3072K), 3 survivors (3072K)
 Metaspace       used 100358K, capacity 102616K, committed 102996K, reserved 1138688K
  class space    used 12778K, capacity 13586K, committed 13824K, reserved 1048576K
GC Heap History (20 events):
Event: 8.969 GC heap after
{Heap after GC invocations=20 (full 0):
 garbage-first heap   total 225280K, used 91316K [0x0000000080000000, 0x0000000100000000)
  region size 1024K, 3 young (3072K), 3 survivors (3072K)
 Metaspace       used 87805K, capacity 90189K, committed 90452K, reserved 1128448K
  class space    used 11409K, capacity 12261K, committed 12288K, reserved 1048576K
}
Event: 9.650 GC heap before
{Heap before GC invocations=21 (full 0):
 garbage-first heap   total 225280K, used 171188K [0x0000000080000000, 0x0000000100000000)
  region size 1024K, 79 young (80896K), 3 survivors (3072K)
 Metaspace       used 90492K, capacity 92651K, committed 93396K, reserved 1130496K
  class space    used 11660K, capacity 12436K, committed 12672K, reserved 1048576K
}
Event: 9.661 GC heap after
{Heap after GC invocations=22 (full 0):
 garbage-first heap   total 225280K, used 108489K [0x0000000080000000, 0x0000000100000000)
  region size 1024K, 10 young (10240K), 10 survivors (10240K)
 Metaspace       used 90492K, capacity 92651K, committed 93396K, reserved 1130496K
  class space    used 11660K, capacity 12436K, committed 12672K, reserved 1048576K
}
Event: 9.759 GC heap before
{Heap before GC invocations=22 (full 0):
 garbage-first heap   total 225280K, used 126921K [0x0000000080000000, 0x0000000100000000)
  region size 1024K, 26 young (26624K), 10 survivors (10240K)
 Metaspace       used 90612K, capacity 92779K, committed 93652K, reserved 1130496K
  class space    used 11666K, capacity 12436K, committed 12672K, reserved 1048576K
}
Event: 9.792 GC heap after
{Heap after GC invocations=23 (full 0):
 garbage-first heap   total 225280K, used 118757K [0x0000000080000000, 0x0000000100000000)
  region size 1024K, 8 young (8192K), 8 survivors (8192K)
 Metaspace       used 90612K, capacity 92779K, committed 93652K, reserved 1130496K
  class space    used 11666K, capacity 12436K, committed 12672K, reserved 1048576K
}
Event: 10.136 GC heap before
{Heap before GC invocations=24 (full 0):
 garbage-first heap   total 225280K, used 173029K [0x0000000080000000, 0x0000000100000000)
  region size 1024K, 48 young (49152K), 8 survivors (8192K)
 Metaspace       used 93947K, capacity 96198K, committed 96852K, reserved 1132544K
  class space    used 12027K, capacity 12831K, committed 13056K, reserved 1048576K
}
Event: 10.143 GC heap after
{Heap after GC invocations=25 (full 0):
 garbage-first heap   total 225280K, used 115158K [0x0000000080000000, 0x0000000100000000)
  region size 1024K, 3 young (3072K), 3 survivors (3072K)
 Metaspace       used 93947K, capacity 96198K, committed 96852K, reserved 1132544K
  class space    used 12027K, capacity 12831K, committed 13056K, reserved 1048576K
}
Event: 10.471 GC heap before
{Heap before GC invocations=25 (full 0):
 garbage-first heap   total 225280K, used 161238K [0x0000000080000000, 0x0000000100000000)
  region size 1024K, 49 young (50176K), 3 survivors (3072K)
 Metaspace       used 95117K, capacity 97392K, committed 98004K, reserved 1134592K
  class space    used 12132K, capacity 12942K, committed 13184K, reserved 1048576K
}
Event: 10.477 GC heap after
{Heap after GC invocations=26 (full 0):
 garbage-first heap   total 225280K, used 116905K [0x0000000080000000, 0x0000000100000000)
  region size 1024K, 5 young (5120K), 5 survivors (5120K)
 Metaspace       used 95117K, capacity 97392K, committed 98004K, reserved 1134592K
  class space    used 12132K, capacity 12942K, committed 13184K, reserved 1048576K
}
Event: 10.777 GC heap before
{Heap before GC invocations=27 (full 0):
 garbage-first heap   total 225280K, used 155346K [0x0000000080000000, 0x0000000100000000)
  region size 1024K, 54 young (55296K), 5 survivors (5120K)
 Metaspace       used 96204K, capacity 98446K, committed 98900K, reserved 1134592K
  class space    used 12258K, capacity 13077K, committed 13312K, reserved 1048576K
}
Event: 10.784 GC heap after
{Heap after GC invocations=28 (full 0):
 garbage-first heap   total 225280K, used 111804K [0x0000000080000000, 0x0000000100000000)
  region size 1024K, 7 young (7168K), 7 survivors (7168K)
 Metaspace       used 96204K, capacity 98446K, committed 98900K, reserved 1134592K
  class space    used 12258K, capacity 13077K, committed 13312K, reserved 1048576K
}
Event: 10.830 GC heap before
{Heap before GC invocations=28 (full 0):
 garbage-first heap   total 225280K, used 115900K [0x0000000080000000, 0x0000000100000000)
  region size 1024K, 11 young (11264K), 7 survivors (7168K)
 Metaspace       used 96596K, capacity 98941K, committed 99412K, reserved 1136640K
  class space    used 12298K, capacity 13114K, committed 13312K, reserved 1048576K
}
Event: 10.834 GC heap after
{Heap after GC invocations=29 (full 0):
 garbage-first heap   total 225280K, used 106137K [0x0000000080000000, 0x0000000100000000)
  region size 1024K, 2 young (2048K), 2 survivors (2048K)
 Metaspace       used 96596K, capacity 98941K, committed 99412K, reserved 1136640K
  class space    used 12298K, capacity 13114K, committed 13312K, reserved 1048576K
}
Event: 11.257 GC heap before
{Heap before GC invocations=29 (full 0):
 garbage-first heap   total 225280K, used 162457K [0x0000000080000000, 0x0000000100000000)
  region size 1024K, 57 young (58368K), 2 survivors (2048K)
 Metaspace       used 100063K, capacity 102382K, committed 102868K, reserved 1138688K
  class space    used 12737K, capacity 13533K, committed 13696K, reserved 1048576K
}
Event: 11.261 GC heap after
{Heap after GC invocations=30 (full 0):
 garbage-first heap   total 225280K, used 108025K [0x0000000080000000, 0x0000000100000000)
  region size 1024K, 3 young (3072K), 3 survivors (3072K)
 Metaspace       used 100063K, capacity 102382K, committed 102868K, reserved 1138688K
  class space    used 12737K, capacity 13533K, committed 13696K, reserved 1048576K
}
Event: 11.585 GC heap before
{Heap before GC invocations=31 (full 0):
 garbage-first heap   total 225280K, used 166393K [0x0000000080000000, 0x0000000100000000)
  region size 1024K, 61 young (62464K), 3 survivors (3072K)
 Metaspace       used 100137K, capacity 102391K, committed 102868K, reserved 1138688K
  class space    used 12744K, capacity 13534K, committed 13696K, reserved 1048576K
}
Event: 11.592 GC heap after
{Heap after GC invocations=32 (full 0):
 garbage-first heap   total 225280K, used 112897K [0x0000000080000000, 0x0000000100000000)
  region size 1024K, 8 young (8192K), 8 survivors (8192K)
 Metaspace       used 100137K, capacity 102391K, committed 102868K, reserved 1138688K
  class space    used 12744K, capacity 13534K, committed 13696K, reserved 1048576K
}
Event: 11.599 GC heap before
{Heap before GC invocations=32 (full 0):
 garbage-first heap   total 225280K, used 114945K [0x0000000080000000, 0x0000000100000000)
  region size 1024K, 11 young (11264K), 8 survivors (8192K)
 Metaspace       used 100137K, capacity 102391K, committed 102868K, reserved 1138688K
  class space    used 12744K, capacity 13534K, committed 13696K, reserved 1048576K
}
Event: 11.605 GC heap after
{Heap after GC invocations=33 (full 0):
 garbage-first heap   total 225280K, used 112686K [0x0000000080000000, 0x0000000100000000)
  region size 1024K, 1 young (1024K), 1 survivors (1024K)
 Metaspace       used 100137K, capacity 102391K, committed 102868K, reserved 1138688K
  class space    used 12744K, capacity 13534K, committed 13696K, reserved 1048576K
}
Event: 11.709 GC heap before
{Heap before GC invocations=33 (full 0):
 garbage-first heap   total 225280K, used 133166K [0x0000000080000000, 0x0000000100000000)
  region size 1024K, 23 young (23552K), 1 survivors (1024K)
 Metaspace       used 100358K, capacity 102616K, committed 102996K, reserved 1138688K
  class space    used 12778K, capacity 13586K, committed 13824K, reserved 1048576K
}

