# JRE version: OpenJDK Runtime Environment (11.0.11+9) (build 11.0.11+9-b60-7590822)
# Java VM: OpenJDK 64-Bit Server VM (11.0.11+9-b60-7590822, mixed mode, tiered, compressed oops, g1 gc, windows-amd64)
Heap:
 garbage-first heap   total 226304K, used 204301K [0x0000000080000000, 0x0000000100000000)
  region size 1024K, 56 young (57344K), 8 survivors (8192K)
 Metaspace       used 94975K, capacity 97379K, committed 98124K, reserved 1134592K
  class space    used 12256K, capacity 13117K, committed 13388K, reserved 1048576K
GC Heap History (20 events):
Event: 6.162 GC heap after
{Heap after GC invocations=15 (full 0):
 garbage-first heap   total 187392K, used 70192K [0x0000000080000000, 0x0000000100000000)
  region size 1024K, 11 young (11264K), 11 survivors (11264K)
 Metaspace       used 76082K, capacity 77909K, committed 78156K, reserved 1116160K
  class space    used 9844K, capacity 10485K, committed 10572K, reserved 1048576K
}
Event: 6.797 GC heap before
{Heap before GC invocations=15 (full 0):
 garbage-first heap   total 187392K, used 141872K [0x0000000080000000, 0x0000000100000000)
  region size 1024K, 81 young (82944K), 11 survivors (11264K)
 Metaspace       used 82000K, capacity 83942K, committed 84172K, reserved 1122304K
  class space    used 10674K, capacity 11359K, committed 11468K, reserved 1048576K
}
Event: 6.804 GC heap after
{Heap after GC invocations=16 (full 0):
 garbage-first heap   total 187392K, used 73997K [0x0000000080000000, 0x0000000100000000)
  region size 1024K, 9 young (9216K), 9 survivors (9216K)
 Metaspace       used 82000K, capacity 83942K, committed 84172K, reserved 1122304K
  class space    used 10674K, capacity 11359K, committed 11468K, reserved 1048576K
}
Event: 7.445 GC heap before
{Heap before GC invocations=16 (full 0):
 garbage-first heap   total 187392K, used 144653K [0x0000000080000000, 0x0000000100000000)
  region size 1024K, 79 young (80896K), 9 survivors (9216K)
 Metaspace       used 85982K, capacity 88366K, committed 88524K, reserved 1126400K
  class space    used 11286K, capacity 12147K, committed 12236K, reserved 1048576K
}
Event: 7.455 GC heap after
{Heap after GC invocations=17 (full 0):
 garbage-first heap   total 187392K, used 80336K [0x0000000080000000, 0x0000000100000000)
  region size 1024K, 10 young (10240K), 10 survivors (10240K)
 Metaspace       used 85982K, capacity 88366K, committed 88524K, reserved 1126400K
  class space    used 11286K, capacity 12147K, committed 12236K, reserved 1048576K
}
Event: 7.768 GC heap before
{Heap before GC invocations=17 (full 0):
 garbage-first heap   total 187392K, used 146896K [0x0000000080000000, 0x0000000100000000)
  region size 1024K, 76 young (77824K), 10 survivors (10240K)
 Metaspace       used 86400K, capacity 88814K, committed 89036K, reserved 1126400K
  class space    used 11290K, capacity 12153K, committed 12236K, reserved 1048576K
}
Event: 7.776 GC heap after
{Heap after GC invocations=18 (full 0):
 garbage-first heap   total 187392K, used 86403K [0x0000000080000000, 0x0000000100000000)
  region size 1024K, 7 young (7168K), 7 survivors (7168K)
 Metaspace       used 86400K, capacity 88814K, committed 89036K, reserved 1126400K
  class space    used 11290K, capacity 12153K, committed 12236K, reserved 1048576K
}
Event: 8.020 GC heap before
{Heap before GC invocations=18 (full 0):
 garbage-first heap   total 187392K, used 148867K [0x0000000080000000, 0x0000000100000000)
  region size 1024K, 69 young (70656K), 7 survivors (7168K)
 Metaspace       used 87026K, capacity 89497K, committed 89548K, reserved 1126400K
  class space    used 11339K, capacity 12209K, committed 12236K, reserved 1048576K
}
Event: 8.026 GC heap after
{Heap after GC invocations=19 (full 0):
 garbage-first heap   total 187392K, used 91208K [0x0000000080000000, 0x0000000100000000)
  region size 1024K, 7 young (7168K), 7 survivors (7168K)
 Metaspace       used 87026K, capacity 89497K, committed 89548K, reserved 1126400K
  class space    used 11339K, capacity 12209K, committed 12236K, reserved 1048576K
}
Event: 8.242 GC heap before
{Heap before GC invocations=19 (full 0):
 garbage-first heap   total 187392K, used 149576K [0x0000000080000000, 0x0000000100000000)
  region size 1024K, 65 young (66560K), 7 survivors (7168K)
 Metaspace       used 87443K, capacity 89912K, committed 90188K, reserved 1126400K
  class space    used 11396K, capacity 12274K, committed 12364K, reserved 1048576K
}
Event: 8.251 GC heap after
{Heap after GC invocations=20 (full 0):
 garbage-first heap   total 187392K, used 95893K [0x0000000080000000, 0x0000000100000000)
  region size 1024K, 7 young (7168K), 7 survivors (7168K)
 Metaspace       used 87443K, capacity 89912K, committed 90188K, reserved 1126400K
  class space    used 11396K, capacity 12274K, committed 12364K, reserved 1048576K
}
Event: 8.504 GC heap before
{Heap before GC invocations=21 (full 0):
 garbage-first heap   total 187392K, used 150165K [0x0000000080000000, 0x0000000100000000)
  region size 1024K, 61 young (62464K), 7 survivors (7168K)
 Metaspace       used 89027K, capacity 91172K, committed 92108K, reserved 1128448K
  class space    used 11484K, capacity 12225K, committed 12492K, reserved 1048576K
}
Event: 8.512 GC heap after
{Heap after GC invocations=22 (full 0):
 garbage-first heap   total 225280K, used 98786K [0x0000000080000000, 0x0000000100000000)
  region size 1024K, 5 young (5120K), 5 survivors (5120K)
 Metaspace       used 89027K, capacity 91172K, committed 92108K, reserved 1128448K
  class space    used 11484K, capacity 12225K, committed 12492K, reserved 1048576K
}
Event: 8.719 GC heap before
{Heap before GC invocations=22 (full 0):
 garbage-first heap   total 225280K, used 177634K [0x0000000080000000, 0x0000000100000000)
  region size 1024K, 83 young (84992K), 5 survivors (5120K)
 Metaspace       used 90428K, capacity 92634K, committed 93388K, reserved 1130496K
  class space    used 11669K, capacity 12453K, committed 12748K, reserved 1048576K
}
Event: 8.724 GC heap after
{Heap after GC invocations=23 (full 0):
 garbage-first heap   total 225280K, used 102502K [0x0000000080000000, 0x0000000100000000)
  region size 1024K, 8 young (8192K), 8 survivors (8192K)
 Metaspace       used 90428K, capacity 92634K, committed 93388K, reserved 1130496K
  class space    used 11669K, capacity 12453K, committed 12748K, reserved 1048576K
}
Event: 8.985 GC heap before
{Heap before GC invocations=23 (full 0):
 garbage-first heap   total 225280K, used 182374K [0x0000000080000000, 0x0000000100000000)
  region size 1024K, 82 young (83968K), 8 survivors (8192K)
 Metaspace       used 91947K, capacity 94250K, committed 95052K, reserved 1132544K
  class space    used 11822K, capacity 12623K, committed 12876K, reserved 1048576K
}
Event: 8.993 GC heap after
{Heap after GC invocations=24 (full 0):
 garbage-first heap   total 225280K, used 113863K [0x0000000080000000, 0x0000000100000000)
  region size 1024K, 11 young (11264K), 11 survivors (11264K)
 Metaspace       used 91947K, capacity 94250K, committed 95052K, reserved 1132544K
  class space    used 11822K, capacity 12623K, committed 12876K, reserved 1048576K
}
Event: 9.163 GC heap before
{Heap before GC invocations=25 (full 0):
 garbage-first heap   total 225280K, used 136391K [0x0000000080000000, 0x0000000100000000)
  region size 1024K, 28 young (28672K), 11 survivors (11264K)
 Metaspace       used 94454K, capacity 96775K, committed 97484K, reserved 1134592K
  class space    used 12184K, capacity 13042K, committed 13260K, reserved 1048576K
}
Event: 9.170 GC heap after
{Heap after GC invocations=26 (full 0):
 garbage-first heap   total 225280K, used 128793K [0x0000000080000000, 0x0000000100000000)
  region size 1024K, 8 young (8192K), 8 survivors (8192K)
 Metaspace       used 94454K, capacity 96775K, committed 97484K, reserved 1134592K
  class space    used 12184K, capacity 13042K, committed 13260K, reserved 1048576K
}
Event: 9.371 GC heap before
{Heap before GC invocations=27 (full 0):
 garbage-first heap   total 225280K, used 202521K [0x0000000080000000, 0x0000000100000000)
  region size 1024K, 56 young (57344K), 8 survivors (8192K)
 Metaspace       used 94975K, capacity 97379K, committed 98124K, reserved 1134592K
  class space    used 12256K, capacity 13117K, committed 13388K, reserved 1048576K
}

