# JRE version: OpenJDK Runtime Environment (11.0.11+9) (build 11.0.11+9-b60-7590822)
# Java VM: OpenJDK 64-Bit Server VM (11.0.11+9-b60-7590822, mixed mode, tiered, compressed oops, g1 gc, windows-amd64)
Heap:
 garbage-first heap   total 155648K, used 19077K [0x0000000080000000, 0x0000000100000000)
  region size 1024K, 5 young (5120K), 5 survivors (5120K)
 Metaspace       used 26127K, capacity 26704K, committed 26928K, reserved 1073152K
  class space    used 3411K, capacity 3617K, committed 3712K, reserved 1048576K
GC Heap History (9 events):
Event: 1.387 GC heap before
{Heap before GC invocations=0 (full 0):
 garbage-first heap   total 129024K, used 30720K [0x0000000080000000, 0x0000000100000000)
  region size 1024K, 24 young (24576K), 0 survivors (0K)
 Metaspace       used 10222K, capacity 10493K, committed 10624K, reserved 1058816K
  class space    used 1072K, capacity 1139K, committed 1152K, reserved 1048576K
}
Event: 1.398 GC heap after
{Heap after GC invocations=1 (full 0):
 garbage-first heap   total 129024K, used 9154K [0x0000000080000000, 0x0000000100000000)
  region size 1024K, 3 young (3072K), 3 survivors (3072K)
 Metaspace       used 10222K, capacity 10493K, committed 10624K, reserved 1058816K
  class space    used 1072K, capacity 1139K, committed 1152K, reserved 1048576K
}
Event: 1.680 GC heap before
{Heap before GC invocations=1 (full 0):
 garbage-first heap   total 129024K, used 22466K [0x0000000080000000, 0x0000000100000000)
  region size 1024K, 16 young (16384K), 3 survivors (3072K)
 Metaspace       used 11132K, capacity 11384K, committed 11520K, reserved 1058816K
  class space    used 1174K, capacity 1244K, committed 1280K, reserved 1048576K
}
Event: 1.686 GC heap after
{Heap after GC invocations=2 (full 0):
 garbage-first heap   total 129024K, used 9951K [0x0000000080000000, 0x0000000100000000)
  region size 1024K, 1 young (1024K), 1 survivors (1024K)
 Metaspace       used 11132K, capacity 11384K, committed 11520K, reserved 1058816K
  class space    used 1174K, capacity 1244K, committed 1280K, reserved 1048576K
}
Event: 2.374 GC heap before
{Heap before GC invocations=2 (full 0):
 garbage-first heap   total 129024K, used 51935K [0x0000000080000000, 0x0000000100000000)
  region size 1024K, 42 young (43008K), 1 survivors (1024K)
 Metaspace       used 13602K, capacity 13979K, committed 14208K, reserved 1062912K
  class space    used 1510K, capacity 1621K, committed 1664K, reserved 1048576K
}
Event: 2.381 GC heap after
{Heap after GC invocations=3 (full 0):
 garbage-first heap   total 129024K, used 15476K [0x0000000080000000, 0x0000000100000000)
  region size 1024K, 6 young (6144K), 6 survivors (6144K)
 Metaspace       used 13602K, capacity 13979K, committed 14208K, reserved 1062912K
  class space    used 1510K, capacity 1621K, committed 1664K, reserved 1048576K
}
Event: 4.214 GC heap before
{Heap before GC invocations=3 (full 0):
 garbage-first heap   total 129024K, used 59508K [0x0000000080000000, 0x0000000100000000)
  region size 1024K, 50 young (51200K), 6 survivors (6144K)
 Metaspace       used 20645K, capacity 21105K, committed 21296K, reserved 1069056K
  class space    used 2531K, capacity 2659K, committed 2688K, reserved 1048576K
}
Event: 4.229 GC heap after
{Heap after GC invocations=4 (full 0):
 garbage-first heap   total 129024K, used 17059K [0x0000000080000000, 0x0000000100000000)
  region size 1024K, 3 young (3072K), 3 survivors (3072K)
 Metaspace       used 20645K, capacity 21105K, committed 21296K, reserved 1069056K
  class space    used 2531K, capacity 2659K, committed 2688K, reserved 1048576K
}
Event: 5.543 GC heap before
{Heap before GC invocations=5 (full 0):
 garbage-first heap   total 129024K, used 70307K [0x0000000080000000, 0x0000000100000000)
  region size 1024K, 55 young (56320K), 3 survivors (3072K)
 Metaspace       used 26127K, capacity 26704K, committed 26928K, reserved 1073152K
  class space    used 3411K, capacity 3617K, committed 3712K, reserved 1048576K
}

