# JRE version: OpenJDK Runtime Environment (11.0.11+9) (build 11.0.11+9-b60-7590822)
# Java VM: OpenJDK 64-Bit Server VM (11.0.11+9-b60-7590822, mixed mode, tiered, compressed oops, g1 gc, windows-amd64)
Heap:
 garbage-first heap   total 248832K, used 177338K [0x0000000080000000, 0x0000000100000000)
  region size 1024K, 2 young (2048K), 2 survivors (2048K)
 Metaspace       used 95170K, capacity 97478K, committed 97920K, reserved 1134592K
  class space    used 12262K, capacity 13086K, committed 13184K, reserved 1048576K
GC Heap History (20 events):
Event: 24.230 GC heap after
{Heap after GC invocations=20 (full 0):
 garbage-first heap   total 195584K, used 92972K [0x0000000080000000, 0x0000000100000000)
  region size 1024K, 7 young (7168K), 7 survivors (7168K)
 Metaspace       used 87112K, capacity 89374K, committed 89472K, reserved 1126400K
  class space    used 11308K, capacity 12141K, committed 12160K, reserved 1048576K
}
Event: 26.116 GC heap before
{Heap before GC invocations=20 (full 0):
 garbage-first heap   total 195584K, used 156460K [0x0000000080000000, 0x0000000100000000)
  region size 1024K, 70 young (71680K), 7 survivors (7168K)
 Metaspace       used 89375K, capacity 91751K, committed 92032K, reserved 1128448K
  class space    used 11557K, capacity 12380K, committed 12416K, reserved 1048576K
}
Event: 26.131 GC heap after
{Heap after GC invocations=21 (full 0):
 garbage-first heap   total 195584K, used 96821K [0x0000000080000000, 0x0000000100000000)
  region size 1024K, 6 young (6144K), 6 survivors (6144K)
 Metaspace       used 89375K, capacity 91751K, committed 92032K, reserved 1128448K
  class space    used 11557K, capacity 12380K, committed 12416K, reserved 1048576K
}
Event: 26.627 GC heap before
{Heap before GC invocations=21 (full 0):
 garbage-first heap   total 195584K, used 158261K [0x0000000080000000, 0x0000000100000000)
  region size 1024K, 67 young (68608K), 6 survivors (6144K)
 Metaspace       used 91117K, capacity 93452K, committed 93568K, reserved 1130496K
  class space    used 11789K, capacity 12605K, committed 12672K, reserved 1048576K
}
Event: 26.638 GC heap after
{Heap after GC invocations=22 (full 0):
 garbage-first heap   total 195584K, used 99460K [0x0000000080000000, 0x0000000100000000)
  region size 1024K, 5 young (5120K), 5 survivors (5120K)
 Metaspace       used 91117K, capacity 93452K, committed 93568K, reserved 1130496K
  class space    used 11789K, capacity 12605K, committed 12672K, reserved 1048576K
}
Event: 27.290 GC heap before
{Heap before GC invocations=23 (full 0):
 garbage-first heap   total 195584K, used 158852K [0x0000000080000000, 0x0000000100000000)
  region size 1024K, 64 young (65536K), 5 survivors (5120K)
 Metaspace       used 91950K, capacity 94243K, committed 94720K, reserved 1130496K
  class space    used 11827K, capacity 12631K, committed 12800K, reserved 1048576K
}
Event: 27.303 GC heap after
{Heap after GC invocations=24 (full 0):
 garbage-first heap   total 195584K, used 104293K [0x0000000080000000, 0x0000000100000000)
  region size 1024K, 8 young (8192K), 8 survivors (8192K)
 Metaspace       used 91950K, capacity 94243K, committed 94720K, reserved 1130496K
  class space    used 11827K, capacity 12631K, committed 12800K, reserved 1048576K
}
Event: 27.713 GC heap before
{Heap before GC invocations=24 (full 0):
 garbage-first heap   total 195584K, used 157541K [0x0000000080000000, 0x0000000100000000)
  region size 1024K, 62 young (63488K), 8 survivors (8192K)
 Metaspace       used 92339K, capacity 94581K, committed 94976K, reserved 1132544K
  class space    used 11857K, capacity 12673K, committed 12800K, reserved 1048576K
}
Event: 27.727 GC heap after
{Heap after GC invocations=25 (full 0):
 garbage-first heap   total 195584K, used 107152K [0x0000000080000000, 0x0000000100000000)
  region size 1024K, 4 young (4096K), 4 survivors (4096K)
 Metaspace       used 92339K, capacity 94581K, committed 94976K, reserved 1132544K
  class space    used 11857K, capacity 12673K, committed 12800K, reserved 1048576K
}
Event: 28.141 GC heap before
{Heap before GC invocations=26 (full 0):
 garbage-first heap   total 195584K, used 144016K [0x0000000080000000, 0x0000000100000000)
  region size 1024K, 29 young (29696K), 4 survivors (4096K)
 Metaspace       used 94651K, capacity 96937K, committed 97408K, reserved 1134592K
  class space    used 12191K, capacity 13011K, committed 13184K, reserved 1048576K
}
Event: 28.155 GC heap after
{Heap after GC invocations=27 (full 0):
 garbage-first heap   total 195584K, used 127800K [0x0000000080000000, 0x0000000100000000)
  region size 1024K, 8 young (8192K), 8 survivors (8192K)
 Metaspace       used 94651K, capacity 96937K, committed 97408K, reserved 1134592K
  class space    used 12191K, capacity 13011K, committed 13184K, reserved 1048576K
}
Event: 28.431 GC heap before
{Heap before GC invocations=28 (full 0):
 garbage-first heap   total 195584K, used 183096K [0x0000000080000000, 0x0000000100000000)
  region size 1024K, 37 young (37888K), 8 survivors (8192K)
 Metaspace       used 95169K, capacity 97477K, committed 97920K, reserved 1134592K
  class space    used 12262K, capacity 13086K, committed 13184K, reserved 1048576K
}
Event: 28.442 GC heap after
{Heap after GC invocations=29 (full 0):
 garbage-first heap   total 206848K, used 155246K [0x0000000080000000, 0x0000000100000000)
  region size 1024K, 5 young (5120K), 5 survivors (5120K)
 Metaspace       used 95169K, capacity 97477K, committed 97920K, reserved 1134592K
  class space    used 12262K, capacity 13086K, committed 13184K, reserved 1048576K
}
Event: 28.626 GC heap before
{Heap before GC invocations=29 (full 0):
 garbage-first heap   total 206848K, used 172654K [0x0000000080000000, 0x0000000100000000)
  region size 1024K, 23 young (23552K), 5 survivors (5120K)
 Metaspace       used 95169K, capacity 97477K, committed 97920K, reserved 1134592K
  class space    used 12262K, capacity 13086K, committed 13184K, reserved 1048576K
}
Event: 28.638 GC heap after
{Heap after GC invocations=30 (full 0):
 garbage-first heap   total 206848K, used 163268K [0x0000000080000000, 0x0000000100000000)
  region size 1024K, 3 young (3072K), 3 survivors (3072K)
 Metaspace       used 95169K, capacity 97477K, committed 97920K, reserved 1134592K
  class space    used 12262K, capacity 13086K, committed 13184K, reserved 1048576K
}
Event: 28.870 GC heap before
{Heap before GC invocations=30 (full 0):
 garbage-first heap   total 206848K, used 177604K [0x0000000080000000, 0x0000000100000000)
  region size 1024K, 15 young (15360K), 3 survivors (3072K)
 Metaspace       used 95169K, capacity 97477K, committed 97920K, reserved 1134592K
  class space    used 12262K, capacity 13086K, committed 13184K, reserved 1048576K
}
Event: 28.886 GC heap after
{Heap after GC invocations=31 (full 0):
 garbage-first heap   total 206848K, used 170272K [0x0000000080000000, 0x0000000100000000)
  region size 1024K, 2 young (2048K), 2 survivors (2048K)
 Metaspace       used 95169K, capacity 97477K, committed 97920K, reserved 1134592K
  class space    used 12262K, capacity 13086K, committed 13184K, reserved 1048576K
}
Event: 28.928 GC heap before
{Heap before GC invocations=31 (full 0):
 garbage-first heap   total 206848K, used 178464K [0x0000000080000000, 0x0000000100000000)
  region size 1024K, 10 young (10240K), 2 survivors (2048K)
 Metaspace       used 95170K, capacity 97478K, committed 97920K, reserved 1134592K
  class space    used 12262K, capacity 13086K, committed 13184K, reserved 1048576K
}
Event: 28.940 GC heap after
{Heap after GC invocations=32 (full 0):
 garbage-first heap   total 206848K, used 173893K [0x0000000080000000, 0x0000000100000000)
  region size 1024K, 2 young (2048K), 2 survivors (2048K)
 Metaspace       used 95170K, capacity 97478K, committed 97920K, reserved 1134592K
  class space    used 12262K, capacity 13086K, committed 13184K, reserved 1048576K
}
Event: 28.983 GC heap before
{Heap before GC invocations=33 (full 0):
 garbage-first heap   total 206848K, used 182085K [0x0000000080000000, 0x0000000100000000)
  region size 1024K, 10 young (10240K), 2 survivors (2048K)
 Metaspace       used 95170K, capacity 97478K, committed 97920K, reserved 1134592K
  class space    used 12262K, capacity 13086K, committed 13184K, reserved 1048576K
}

