# JRE version: OpenJDK Runtime Environment (11.0.11+9) (build 11.0.11+9-b60-7590822)
# Java VM: OpenJDK 64-Bit Server VM (11.0.11+9-b60-7590822, mixed mode, tiered, compressed oops, g1 gc, windows-amd64)
Heap:
 garbage-first heap   total 272384K, used 181075K [0x0000000080000000, 0x0000000100000000)
  region size 1024K, 3 young (3072K), 3 survivors (3072K)
 Metaspace       used 103891K, capacity 106342K, committed 106576K, reserved 1142784K
  class space    used 13251K, capacity 14125K, committed 14208K, reserved 1048576K
GC Heap History (20 events):
Event: 16.771 GC heap after
{Heap after GC invocations=24 (full 0):
 garbage-first heap   total 225280K, used 112868K [0x0000000080000000, 0x0000000100000000)
  region size 1024K, 4 young (4096K), 4 survivors (4096K)
 Metaspace       used 95237K, capacity 97528K, committed 97744K, reserved 1134592K
  class space    used 12168K, capacity 12969K, committed 13056K, reserved 1048576K
}
Event: 17.277 GC heap before
{Heap before GC invocations=25 (full 0):
 garbage-first heap   total 225280K, used 163715K [0x0000000080000000, 0x0000000100000000)
  region size 1024K, 61 young (62464K), 4 survivors (4096K)
 Metaspace       used 97153K, capacity 99457K, committed 99792K, reserved 1136640K
  class space    used 12408K, capacity 13205K, committed 13312K, reserved 1048576K
}
Event: 17.288 GC heap after
{Heap after GC invocations=26 (full 0):
 garbage-first heap   total 225280K, used 112777K [0x0000000080000000, 0x0000000100000000)
  region size 1024K, 8 young (8192K), 8 survivors (8192K)
 Metaspace       used 97153K, capacity 99457K, committed 99792K, reserved 1136640K
  class space    used 12408K, capacity 13205K, committed 13312K, reserved 1048576K
}
Event: 17.314 GC heap before
{Heap before GC invocations=26 (full 0):
 garbage-first heap   total 225280K, used 114825K [0x0000000080000000, 0x0000000100000000)
  region size 1024K, 11 young (11264K), 8 survivors (8192K)
 Metaspace       used 97346K, capacity 99681K, committed 99792K, reserved 1136640K
  class space    used 12432K, capacity 13237K, committed 13312K, reserved 1048576K
}
Event: 17.322 GC heap after
{Heap after GC invocations=27 (full 0):
 garbage-first heap   total 225280K, used 105387K [0x0000000080000000, 0x0000000100000000)
  region size 1024K, 2 young (2048K), 2 survivors (2048K)
 Metaspace       used 97346K, capacity 99681K, committed 99792K, reserved 1136640K
  class space    used 12432K, capacity 13237K, committed 13312K, reserved 1048576K
}
Event: 17.819 GC heap before
{Heap before GC invocations=27 (full 0):
 garbage-first heap   total 225280K, used 165803K [0x0000000080000000, 0x0000000100000000)
  region size 1024K, 62 young (63488K), 2 survivors (2048K)
 Metaspace       used 99874K, capacity 102155K, committed 102352K, reserved 1138688K
  class space    used 12736K, capacity 13527K, committed 13568K, reserved 1048576K
}
Event: 17.829 GC heap after
{Heap after GC invocations=28 (full 0):
 garbage-first heap   total 225280K, used 108986K [0x0000000080000000, 0x0000000100000000)
  region size 1024K, 5 young (5120K), 5 survivors (5120K)
 Metaspace       used 99874K, capacity 102155K, committed 102352K, reserved 1138688K
  class space    used 12736K, capacity 13527K, committed 13568K, reserved 1048576K
}
Event: 18.194 GC heap before
{Heap before GC invocations=29 (full 0):
 garbage-first heap   total 225280K, used 170426K [0x0000000080000000, 0x0000000100000000)
  region size 1024K, 66 young (67584K), 5 survivors (5120K)
 Metaspace       used 99980K, capacity 102341K, committed 102480K, reserved 1138688K
  class space    used 12742K, capacity 13563K, committed 13696K, reserved 1048576K
}
Event: 18.205 GC heap after
{Heap after GC invocations=30 (full 0):
 garbage-first heap   total 225280K, used 113064K [0x0000000080000000, 0x0000000100000000)
  region size 1024K, 5 young (5120K), 5 survivors (5120K)
 Metaspace       used 99980K, capacity 102341K, committed 102480K, reserved 1138688K
  class space    used 12742K, capacity 13563K, committed 13696K, reserved 1048576K
}
Event: 18.238 GC heap before
{Heap before GC invocations=30 (full 0):
 garbage-first heap   total 225280K, used 118184K [0x0000000080000000, 0x0000000100000000)
  region size 1024K, 11 young (11264K), 5 survivors (5120K)
 Metaspace       used 99983K, capacity 102341K, committed 102480K, reserved 1138688K
  class space    used 12742K, capacity 13563K, committed 13696K, reserved 1048576K
}
Event: 18.246 GC heap after
{Heap after GC invocations=31 (full 0):
 garbage-first heap   total 225280K, used 112716K [0x0000000080000000, 0x0000000100000000)
  region size 1024K, 1 young (1024K), 1 survivors (1024K)
 Metaspace       used 99983K, capacity 102341K, committed 102480K, reserved 1138688K
  class space    used 12742K, capacity 13563K, committed 13696K, reserved 1048576K
}
Event: 18.617 GC heap before
{Heap before GC invocations=31 (full 0):
 garbage-first heap   total 225280K, used 174156K [0x0000000080000000, 0x0000000100000000)
  region size 1024K, 62 young (63488K), 1 survivors (1024K)
 Metaspace       used 100331K, capacity 102670K, committed 102992K, reserved 1138688K
  class space    used 12771K, capacity 13604K, committed 13696K, reserved 1048576K
}
Event: 18.625 GC heap after
{Heap after GC invocations=32 (full 0):
 garbage-first heap   total 225280K, used 116302K [0x0000000080000000, 0x0000000100000000)
  region size 1024K, 5 young (5120K), 5 survivors (5120K)
 Metaspace       used 100331K, capacity 102670K, committed 102992K, reserved 1138688K
  class space    used 12771K, capacity 13604K, committed 13696K, reserved 1048576K
}
Event: 19.172 GC heap before
{Heap before GC invocations=33 (full 0):
 garbage-first heap   total 225280K, used 207438K [0x0000000080000000, 0x0000000100000000)
  region size 1024K, 66 young (67584K), 5 survivors (5120K)
 Metaspace       used 103654K, capacity 106107K, committed 106320K, reserved 1140736K
  class space    used 13228K, capacity 14090K, committed 14208K, reserved 1048576K
}
Event: 19.182 GC heap after
{Heap after GC invocations=34 (full 0):
 garbage-first heap   total 226304K, used 150073K [0x0000000080000000, 0x0000000100000000)
  region size 1024K, 9 young (9216K), 9 survivors (9216K)
 Metaspace       used 103654K, capacity 106107K, committed 106320K, reserved 1140736K
  class space    used 13228K, capacity 14090K, committed 14208K, reserved 1048576K
}
Event: 19.185 GC heap before
{Heap before GC invocations=34 (full 0):
 garbage-first heap   total 226304K, used 151097K [0x0000000080000000, 0x0000000100000000)
  region size 1024K, 11 young (11264K), 9 survivors (9216K)
 Metaspace       used 103656K, capacity 106107K, committed 106320K, reserved 1140736K
  class space    used 13228K, capacity 14090K, committed 14208K, reserved 1048576K
}
Event: 19.190 GC heap after
{Heap after GC invocations=35 (full 0):
 garbage-first heap   total 226304K, used 149380K [0x0000000080000000, 0x0000000100000000)
  region size 1024K, 2 young (2048K), 2 survivors (2048K)
 Metaspace       used 103656K, capacity 106107K, committed 106320K, reserved 1140736K
  class space    used 13228K, capacity 14090K, committed 14208K, reserved 1048576K
}
Event: 19.473 GC heap before
{Heap before GC invocations=35 (full 0):
 garbage-first heap   total 226304K, used 196484K [0x0000000080000000, 0x0000000100000000)
  region size 1024K, 39 young (39936K), 2 survivors (2048K)
 Metaspace       used 103889K, capacity 106342K, committed 106576K, reserved 1142784K
  class space    used 13251K, capacity 14125K, committed 14208K, reserved 1048576K
}
Event: 19.495 GC heap after
{Heap after GC invocations=36 (full 0):
 garbage-first heap   total 226304K, used 171008K [0x0000000080000000, 0x0000000100000000)
  region size 1024K, 5 young (5120K), 5 survivors (5120K)
 Metaspace       used 103889K, capacity 106342K, committed 106576K, reserved 1142784K
  class space    used 13251K, capacity 14125K, committed 14208K, reserved 1048576K
}
Event: 19.655 GC heap before
{Heap before GC invocations=36 (full 0):
 garbage-first heap   total 226304K, used 190464K [0x0000000080000000, 0x0000000100000000)
  region size 1024K, 23 young (23552K), 5 survivors (5120K)
 Metaspace       used 103891K, capacity 106342K, committed 106576K, reserved 1142784K
  class space    used 13251K, capacity 14125K, committed 14208K, reserved 1048576K
}

