# JRE version: OpenJDK Runtime Environment (11.0.11+9) (build 11.0.11+9-b60-7590822)
# Java VM: OpenJDK 64-Bit Server VM (11.0.11+9-b60-7590822, mixed mode, tiered, compressed oops, g1 gc, windows-amd64)
Heap:
 garbage-first heap   total 193536K, used 55808K [0x0000000083000000, 0x0000000100000000)
  region size 1024K, 7 young (7168K), 7 survivors (7168K)
 Metaspace       used 64362K, capacity 65201K, committed 65412K, reserved 1107968K
  class space    used 7479K, capacity 7836K, committed 7936K, reserved 1048576K
GC Heap History (19 events):
Event: 0.540 GC heap before
{Heap before GC invocations=0 (full 0):
 garbage-first heap   total 129024K, used 27648K [0x0000000083000000, 0x0000000100000000)
  region size 1024K, 24 young (24576K), 0 survivors (0K)
 Metaspace       used 12355K, capacity 12504K, committed 12800K, reserved 1060864K
  class space    used 1165K, capacity 1207K, committed 1280K, reserved 1048576K
}
Event: 0.544 GC heap after
{Heap after GC invocations=1 (full 0):
 garbage-first heap   total 129024K, used 5876K [0x0000000083000000, 0x0000000100000000)
  region size 1024K, 3 young (3072K), 3 survivors (3072K)
 Metaspace       used 12355K, capacity 12504K, committed 12800K, reserved 1060864K
  class space    used 1165K, capacity 1207K, committed 1280K, reserved 1048576K
}
Event: 1.247 GC heap before
{Heap before GC invocations=1 (full 0):
 garbage-first heap   total 129024K, used 41716K [0x0000000083000000, 0x0000000100000000)
  region size 1024K, 39 young (39936K), 3 survivors (3072K)
 Metaspace       used 20934K, capacity 21178K, committed 21296K, reserved 1069056K
  class space    used 2277K, capacity 2379K, committed 2432K, reserved 1048576K
}
Event: 1.256 GC heap after
{Heap after GC invocations=2 (full 0):
 garbage-first heap   total 129024K, used 9216K [0x0000000083000000, 0x0000000100000000)
  region size 1024K, 6 young (6144K), 6 survivors (6144K)
 Metaspace       used 20934K, capacity 21178K, committed 21296K, reserved 1069056K
  class space    used 2277K, capacity 2379K, committed 2432K, reserved 1048576K
}
Event: 2.116 GC heap before
{Heap before GC invocations=3 (full 0):
 garbage-first heap   total 129024K, used 63488K [0x0000000083000000, 0x0000000100000000)
  region size 1024K, 54 young (55296K), 6 survivors (6144K)
 Metaspace       used 31796K, capacity 32264K, committed 32688K, reserved 1077248K
  class space    used 3810K, capacity 4004K, committed 4096K, reserved 1048576K
}
Event: 2.134 GC heap after
{Heap after GC invocations=4 (full 0):
 garbage-first heap   total 129024K, used 21046K [0x0000000083000000, 0x0000000100000000)
  region size 1024K, 7 young (7168K), 7 survivors (7168K)
 Metaspace       used 31796K, capacity 32264K, committed 32688K, reserved 1077248K
  class space    used 3810K, capacity 4004K, committed 4096K, reserved 1048576K
}
Event: 2.196 GC heap before
{Heap before GC invocations=4 (full 0):
 garbage-first heap   total 129024K, used 23094K [0x0000000083000000, 0x0000000100000000)
  region size 1024K, 10 young (10240K), 7 survivors (7168K)
 Metaspace       used 32446K, capacity 33005K, committed 33328K, reserved 1079296K
  class space    used 3964K, capacity 4165K, committed 4224K, reserved 1048576K
}
Event: 2.205 GC heap after
{Heap after GC invocations=5 (full 0):
 garbage-first heap   total 129024K, used 22296K [0x0000000083000000, 0x0000000100000000)
  region size 1024K, 1 young (1024K), 1 survivors (1024K)
 Metaspace       used 32446K, capacity 33005K, committed 33328K, reserved 1079296K
  class space    used 3964K, capacity 4165K, committed 4224K, reserved 1048576K
}
Event: 2.406 GC heap before
{Heap before GC invocations=5 (full 0):
 garbage-first heap   total 129024K, used 32536K [0x0000000083000000, 0x0000000100000000)
  region size 1024K, 12 young (12288K), 1 survivors (1024K)
 Metaspace       used 35261K, capacity 35730K, committed 35920K, reserved 1081344K
  class space    used 4405K, capacity 4583K, committed 4608K, reserved 1048576K
}
Event: 2.410 GC heap after
{Heap after GC invocations=6 (full 0):
 garbage-first heap   total 155648K, used 21955K [0x0000000083000000, 0x0000000100000000)
  region size 1024K, 1 young (1024K), 1 survivors (1024K)
 Metaspace       used 35261K, capacity 35730K, committed 35920K, reserved 1081344K
  class space    used 4405K, capacity 4583K, committed 4608K, reserved 1048576K
}
Event: 3.429 GC heap before
{Heap before GC invocations=7 (full 0):
 garbage-first heap   total 155648K, used 76227K [0x0000000083000000, 0x0000000100000000)
  region size 1024K, 54 young (55296K), 1 survivors (1024K)
 Metaspace       used 45971K, capacity 46468K, committed 46640K, reserved 1089536K
  class space    used 5474K, capacity 5703K, committed 5760K, reserved 1048576K
}
Event: 3.439 GC heap after
{Heap after GC invocations=8 (full 0):
 garbage-first heap   total 155648K, used 25194K [0x0000000083000000, 0x0000000100000000)
  region size 1024K, 6 young (6144K), 6 survivors (6144K)
 Metaspace       used 45971K, capacity 46468K, committed 46640K, reserved 1089536K
  class space    used 5474K, capacity 5703K, committed 5760K, reserved 1048576K
}
Event: 4.296 GC heap before
{Heap before GC invocations=8 (full 0):
 garbage-first heap   total 155648K, used 86634K [0x0000000083000000, 0x0000000100000000)
  region size 1024K, 63 young (64512K), 6 survivors (6144K)
 Metaspace       used 51113K, capacity 51717K, committed 51888K, reserved 1095680K
  class space    used 6013K, capacity 6279K, committed 6400K, reserved 1048576K
}
Event: 4.315 GC heap after
{Heap after GC invocations=9 (full 0):
 garbage-first heap   total 155648K, used 34189K [0x0000000083000000, 0x0000000100000000)
  region size 1024K, 7 young (7168K), 7 survivors (7168K)
 Metaspace       used 51113K, capacity 51717K, committed 51888K, reserved 1095680K
  class space    used 6013K, capacity 6279K, committed 6400K, reserved 1048576K
}
Event: 5.687 GC heap before
{Heap before GC invocations=9 (full 0):
 garbage-first heap   total 155648K, used 92557K [0x0000000083000000, 0x0000000100000000)
  region size 1024K, 64 young (65536K), 7 survivors (7168K)
 Metaspace       used 56851K, capacity 57497K, committed 57776K, reserved 1099776K
  class space    used 6608K, capacity 6882K, committed 6912K, reserved 1048576K
}
Event: 5.710 GC heap after
{Heap after GC invocations=10 (full 0):
 garbage-first heap   total 155648K, used 43592K [0x0000000083000000, 0x0000000100000000)
  region size 1024K, 8 young (8192K), 8 survivors (8192K)
 Metaspace       used 56851K, capacity 57497K, committed 57776K, reserved 1099776K
  class space    used 6608K, capacity 6882K, committed 6912K, reserved 1048576K
}
Event: 6.299 GC heap before
{Heap before GC invocations=10 (full 0):
 garbage-first heap   total 155648K, used 76360K [0x0000000083000000, 0x0000000100000000)
  region size 1024K, 41 young (41984K), 8 survivors (8192K)
 Metaspace       used 59545K, capacity 60234K, committed 60420K, reserved 1101824K
  class space    used 6918K, capacity 7193K, committed 7296K, reserved 1048576K
}
Event: 6.319 GC heap after
{Heap after GC invocations=11 (full 0):
 garbage-first heap   total 155648K, used 48634K [0x0000000083000000, 0x0000000100000000)
  region size 1024K, 5 young (5120K), 5 survivors (5120K)
 Metaspace       used 59545K, capacity 60234K, committed 60420K, reserved 1101824K
  class space    used 6918K, capacity 7193K, committed 7296K, reserved 1048576K
}
Event: 7.563 GC heap before
{Heap before GC invocations=12 (full 0):
 garbage-first heap   total 155648K, used 97786K [0x0000000083000000, 0x0000000100000000)
  region size 1024K, 53 young (54272K), 5 survivors (5120K)
 Metaspace       used 64362K, capacity 65201K, committed 65412K, reserved 1107968K
  class space    used 7479K, capacity 7836K, committed 7936K, reserved 1048576K
}

