# JRE version: OpenJDK Runtime Environment (11.0.11+9) (build 11.0.11+9-b60-7590822)
# Java VM: OpenJDK 64-Bit Server VM (11.0.11+9-b60-7590822, mixed mode, tiered, compressed oops, g1 gc, windows-amd64)
Heap:
 garbage-first heap   total 187392K, used 80796K [0x0000000080000000, 0x0000000100000000)
  region size 1024K, 21 young (21504K), 10 survivors (10240K)
 Metaspace       used 76390K, capacity 78199K, committed 78412K, reserved 1118208K
  class space    used 9877K, capacity 10537K, committed 10572K, reserved 1048576K
GC Heap History (20 events):
Event: 2.172 GC heap before
{Heap before GC invocations=3 (full 0):
 garbage-first heap   total 129024K, used 31157K [0x0000000080000000, 0x0000000100000000)
  region size 1024K, 19 young (19456K), 4 survivors (4096K)
 Metaspace       used 20665K, capacity 21081K, committed 21248K, reserved 1067008K
  class space    used 2544K, capacity 2695K, committed 2816K, reserved 1048576K
}
Event: 2.177 GC heap after
{Heap after GC invocations=4 (full 0):
 garbage-first heap   total 129024K, used 17306K [0x0000000080000000, 0x0000000100000000)
  region size 1024K, 4 young (4096K), 4 survivors (4096K)
 Metaspace       used 20665K, capacity 21081K, committed 21248K, reserved 1067008K
  class space    used 2544K, capacity 2695K, committed 2816K, reserved 1048576K
}
Event: 2.811 GC heap before
{Heap before GC invocations=5 (full 0):
 garbage-first heap   total 129024K, used 75674K [0x0000000080000000, 0x0000000100000000)
  region size 1024K, 61 young (62464K), 4 survivors (4096K)
 Metaspace       used 26414K, capacity 27090K, committed 27264K, reserved 1073152K
  class space    used 3470K, capacity 3683K, committed 3712K, reserved 1048576K
}
Event: 2.816 GC heap after
{Heap after GC invocations=6 (full 0):
 garbage-first heap   total 129024K, used 19465K [0x0000000080000000, 0x0000000100000000)
  region size 1024K, 6 young (6144K), 6 survivors (6144K)
 Metaspace       used 26414K, capacity 27090K, committed 27264K, reserved 1073152K
  class space    used 3470K, capacity 3683K, committed 3712K, reserved 1048576K
}
Event: 3.615 GC heap before
{Heap before GC invocations=6 (full 0):
 garbage-first heap   total 129024K, used 73737K [0x0000000080000000, 0x0000000100000000)
  region size 1024K, 60 young (61440K), 6 survivors (6144K)
 Metaspace       used 35049K, capacity 35782K, committed 35840K, reserved 1081344K
  class space    used 4562K, capacity 4863K, committed 4864K, reserved 1048576K
}
Event: 3.627 GC heap after
{Heap after GC invocations=7 (full 0):
 garbage-first heap   total 155648K, used 23022K [0x0000000080000000, 0x0000000100000000)
  region size 1024K, 7 young (7168K), 7 survivors (7168K)
 Metaspace       used 35049K, capacity 35782K, committed 35840K, reserved 1081344K
  class space    used 4562K, capacity 4863K, committed 4864K, reserved 1048576K
}
Event: 4.530 GC heap before
{Heap before GC invocations=8 (full 0):
 garbage-first heap   total 155648K, used 97774K [0x0000000080000000, 0x0000000100000000)
  region size 1024K, 78 young (79872K), 7 survivors (7168K)
 Metaspace       used 40251K, capacity 41307K, committed 41420K, reserved 1085440K
  class space    used 5154K, capacity 5508K, committed 5580K, reserved 1048576K
}
Event: 4.543 GC heap after
{Heap after GC invocations=9 (full 0):
 garbage-first heap   total 155648K, used 29069K [0x0000000080000000, 0x0000000100000000)
  region size 1024K, 10 young (10240K), 10 survivors (10240K)
 Metaspace       used 40251K, capacity 41307K, committed 41420K, reserved 1085440K
  class space    used 5154K, capacity 5508K, committed 5580K, reserved 1048576K
}
Event: 5.604 GC heap before
{Heap before GC invocations=9 (full 0):
 garbage-first heap   total 155648K, used 112013K [0x0000000080000000, 0x0000000100000000)
  region size 1024K, 91 young (93184K), 10 survivors (10240K)
 Metaspace       used 47106K, capacity 48327K, committed 48588K, reserved 1091584K
  class space    used 6047K, capacity 6476K, committed 6604K, reserved 1048576K
}
Event: 5.618 GC heap after
{Heap after GC invocations=10 (full 0):
 garbage-first heap   total 155648K, used 32733K [0x0000000080000000, 0x0000000100000000)
  region size 1024K, 10 young (10240K), 10 survivors (10240K)
 Metaspace       used 47106K, capacity 48327K, committed 48588K, reserved 1091584K
  class space    used 6047K, capacity 6476K, committed 6604K, reserved 1048576K
}
Event: 6.527 GC heap before
{Heap before GC invocations=10 (full 0):
 garbage-first heap   total 155648K, used 123869K [0x0000000080000000, 0x0000000100000000)
  region size 1024K, 91 young (93184K), 10 survivors (10240K)
 Metaspace       used 51610K, capacity 53034K, committed 53196K, reserved 1095680K
  class space    used 6579K, capacity 7065K, committed 7116K, reserved 1048576K
}
Event: 6.542 GC heap after
{Heap after GC invocations=11 (full 0):
 garbage-first heap   total 155648K, used 53076K [0x0000000080000000, 0x0000000100000000)
  region size 1024K, 12 young (12288K), 12 survivors (12288K)
 Metaspace       used 51610K, capacity 53034K, committed 53196K, reserved 1095680K
  class space    used 6579K, capacity 7065K, committed 7116K, reserved 1048576K
}
Event: 7.254 GC heap before
{Heap before GC invocations=11 (full 0):
 garbage-first heap   total 155648K, used 99156K [0x0000000080000000, 0x0000000100000000)
  region size 1024K, 58 young (59392K), 12 survivors (12288K)
 Metaspace       used 58615K, capacity 60175K, committed 60236K, reserved 1101824K
  class space    used 7456K, capacity 7992K, committed 8012K, reserved 1048576K
}
Event: 7.273 GC heap after
{Heap after GC invocations=12 (full 0):
 garbage-first heap   total 187392K, used 56304K [0x0000000080000000, 0x0000000100000000)
  region size 1024K, 3 young (3072K), 3 survivors (3072K)
 Metaspace       used 58615K, capacity 60175K, committed 60236K, reserved 1101824K
  class space    used 7456K, capacity 7992K, committed 8012K, reserved 1048576K
}
Event: 8.348 GC heap before
{Heap before GC invocations=13 (full 0):
 garbage-first heap   total 187392K, used 125936K [0x0000000080000000, 0x0000000100000000)
  region size 1024K, 71 young (72704K), 3 survivors (3072K)
 Metaspace       used 65301K, capacity 66986K, committed 67020K, reserved 1107968K
  class space    used 8288K, capacity 8886K, committed 8908K, reserved 1048576K
}
Event: 8.356 GC heap after
{Heap after GC invocations=14 (full 0):
 garbage-first heap   total 187392K, used 60546K [0x0000000080000000, 0x0000000100000000)
  region size 1024K, 7 young (7168K), 7 survivors (7168K)
 Metaspace       used 65301K, capacity 66986K, committed 67020K, reserved 1107968K
  class space    used 8288K, capacity 8886K, committed 8908K, reserved 1048576K
}
Event: 9.071 GC heap before
{Heap before GC invocations=14 (full 0):
 garbage-first heap   total 187392K, used 131202K [0x0000000080000000, 0x0000000100000000)
  region size 1024K, 76 young (77824K), 7 survivors (7168K)
 Metaspace       used 67754K, capacity 69475K, committed 69708K, reserved 1110016K
  class space    used 8595K, capacity 9197K, committed 9292K, reserved 1048576K
}
Event: 9.084 GC heap after
{Heap after GC invocations=15 (full 0):
 garbage-first heap   total 187392K, used 65802K [0x0000000080000000, 0x0000000100000000)
  region size 1024K, 10 young (10240K), 10 survivors (10240K)
 Metaspace       used 67754K, capacity 69475K, committed 69708K, reserved 1110016K
  class space    used 8595K, capacity 9197K, committed 9292K, reserved 1048576K
}
Event: 10.148 GC heap before
{Heap before GC invocations=15 (full 0):
 garbage-first heap   total 187392K, used 135434K [0x0000000080000000, 0x0000000100000000)
  region size 1024K, 78 young (79872K), 10 survivors (10240K)
 Metaspace       used 75519K, capacity 77294K, committed 77516K, reserved 1116160K
  class space    used 9750K, capacity 10346K, committed 10444K, reserved 1048576K
}
Event: 10.159 GC heap after
{Heap after GC invocations=16 (full 0):
 garbage-first heap   total 187392K, used 70556K [0x0000000080000000, 0x0000000100000000)
  region size 1024K, 10 young (10240K), 10 survivors (10240K)
 Metaspace       used 75519K, capacity 77294K, committed 77516K, reserved 1116160K
  class space    used 9750K, capacity 10346K, committed 10444K, reserved 1048576K
}

