# JRE version: OpenJDK Runtime Environment (11.0.11+9) (build 11.0.11+9-b60-7590822)
# Java VM: OpenJDK 64-Bit Server VM (11.0.11+9-b60-7590822, mixed mode, tiered, compressed oops, g1 gc, windows-amd64)
Heap:
 garbage-first heap   total 233472K, used 182483K [0x0000000080000000, 0x0000000100000000)
  region size 1024K, 16 young (16384K), 5 survivors (5120K)
 Metaspace       used 96566K, capacity 98867K, committed 99404K, reserved 1134592K
  class space    used 12670K, capacity 13511K, committed 13644K, reserved 1048576K
GC Heap History (20 events):
Event: 13.767 GC heap before
{Heap before GC invocations=18 (full 0):
 garbage-first heap   total 187392K, used 144884K [0x0000000080000000, 0x0000000100000000)
  region size 1024K, 75 young (76800K), 10 survivors (10240K)
 Metaspace       used 86304K, capacity 88673K, committed 89036K, reserved 1126400K
  class space    used 11274K, capacity 12113K, committed 12236K, reserved 1048576K
}
Event: 13.780 GC heap after
{Heap after GC invocations=19 (full 0):
 garbage-first heap   total 187392K, used 86044K [0x0000000080000000, 0x0000000100000000)
  region size 1024K, 7 young (7168K), 7 survivors (7168K)
 Metaspace       used 86304K, capacity 88673K, committed 89036K, reserved 1126400K
  class space    used 11274K, capacity 12113K, committed 12236K, reserved 1048576K
}
Event: 14.217 GC heap before
{Heap before GC invocations=19 (full 0):
 garbage-first heap   total 187392K, used 147484K [0x0000000080000000, 0x0000000100000000)
  region size 1024K, 68 young (69632K), 7 survivors (7168K)
 Metaspace       used 86831K, capacity 89208K, committed 89292K, reserved 1126400K
  class space    used 11321K, capacity 12170K, committed 12236K, reserved 1048576K
}
Event: 14.226 GC heap after
{Heap after GC invocations=20 (full 0):
 garbage-first heap   total 187392K, used 90448K [0x0000000080000000, 0x0000000100000000)
  region size 1024K, 7 young (7168K), 7 survivors (7168K)
 Metaspace       used 86831K, capacity 89208K, committed 89292K, reserved 1126400K
  class space    used 11321K, capacity 12170K, committed 12236K, reserved 1048576K
}
Event: 14.758 GC heap before
{Heap before GC invocations=20 (full 0):
 garbage-first heap   total 187392K, used 148816K [0x0000000080000000, 0x0000000100000000)
  region size 1024K, 65 young (66560K), 7 survivors (7168K)
 Metaspace       used 87192K, capacity 89511K, committed 89804K, reserved 1126400K
  class space    used 11338K, capacity 12183K, committed 12236K, reserved 1048576K
}
Event: 14.770 GC heap after
{Heap after GC invocations=21 (full 0):
 garbage-first heap   total 187392K, used 94996K [0x0000000080000000, 0x0000000100000000)
  region size 1024K, 7 young (7168K), 7 survivors (7168K)
 Metaspace       used 87192K, capacity 89511K, committed 89804K, reserved 1126400K
  class space    used 11338K, capacity 12183K, committed 12236K, reserved 1048576K
}
Event: 15.216 GC heap before
{Heap before GC invocations=21 (full 0):
 garbage-first heap   total 187392K, used 149268K [0x0000000080000000, 0x0000000100000000)
  region size 1024K, 61 young (62464K), 7 survivors (7168K)
 Metaspace       used 89171K, capacity 91645K, committed 91852K, reserved 1128448K
  class space    used 11554K, capacity 12412K, committed 12492K, reserved 1048576K
}
Event: 15.230 GC heap after
{Heap after GC invocations=22 (full 0):
 garbage-first heap   total 225280K, used 98295K [0x0000000080000000, 0x0000000100000000)
  region size 1024K, 5 young (5120K), 5 survivors (5120K)
 Metaspace       used 89171K, capacity 91645K, committed 91852K, reserved 1128448K
  class space    used 11554K, capacity 12412K, committed 12492K, reserved 1048576K
}
Event: 15.685 GC heap before
{Heap before GC invocations=23 (full 0):
 garbage-first heap   total 225280K, used 178167K [0x0000000080000000, 0x0000000100000000)
  region size 1024K, 84 young (86016K), 5 survivors (5120K)
 Metaspace       used 90504K, capacity 92759K, committed 93644K, reserved 1130496K
  class space    used 11675K, capacity 12454K, committed 12748K, reserved 1048576K
}
Event: 15.693 GC heap after
{Heap after GC invocations=24 (full 0):
 garbage-first heap   total 225280K, used 101494K [0x0000000080000000, 0x0000000100000000)
  region size 1024K, 9 young (9216K), 9 survivors (9216K)
 Metaspace       used 90504K, capacity 92759K, committed 93644K, reserved 1130496K
  class space    used 11675K, capacity 12454K, committed 12748K, reserved 1048576K
}
Event: 16.130 GC heap before
{Heap before GC invocations=24 (full 0):
 garbage-first heap   total 225280K, used 180342K [0x0000000080000000, 0x0000000100000000)
  region size 1024K, 87 young (89088K), 9 survivors (9216K)
 Metaspace       used 92017K, capacity 94250K, committed 95052K, reserved 1132544K
  class space    used 11834K, capacity 12632K, committed 12876K, reserved 1048576K
}
Event: 16.141 GC heap after
{Heap after GC invocations=25 (full 0):
 garbage-first heap   total 225280K, used 106455K [0x0000000080000000, 0x0000000100000000)
  region size 1024K, 11 young (11264K), 11 survivors (11264K)
 Metaspace       used 92017K, capacity 94250K, committed 95052K, reserved 1132544K
  class space    used 11834K, capacity 12632K, committed 12876K, reserved 1048576K
}
Event: 16.197 GC heap before
{Heap before GC invocations=25 (full 0):
 garbage-first heap   total 225280K, used 121815K [0x0000000080000000, 0x0000000100000000)
  region size 1024K, 23 young (23552K), 11 survivors (11264K)
 Metaspace       used 92203K, capacity 94403K, committed 95052K, reserved 1132544K
  class space    used 11851K, capacity 12636K, committed 12876K, reserved 1048576K
}
Event: 16.209 GC heap after
{Heap after GC invocations=26 (full 0):
 garbage-first heap   total 225280K, used 113595K [0x0000000080000000, 0x0000000100000000)
  region size 1024K, 3 young (3072K), 3 survivors (3072K)
 Metaspace       used 92203K, capacity 94403K, committed 95052K, reserved 1132544K
  class space    used 11851K, capacity 12636K, committed 12876K, reserved 1048576K
}
Event: 16.539 GC heap before
{Heap before GC invocations=27 (full 0):
 garbage-first heap   total 225280K, used 136123K [0x0000000080000000, 0x0000000100000000)
  region size 1024K, 19 young (19456K), 3 survivors (3072K)
 Metaspace       used 94532K, capacity 96805K, committed 97484K, reserved 1134592K
  class space    used 12189K, capacity 13011K, committed 13260K, reserved 1048576K
}
Event: 16.545 GC heap after
{Heap after GC invocations=28 (full 0):
 garbage-first heap   total 225280K, used 126920K [0x0000000080000000, 0x0000000100000000)
  region size 1024K, 8 young (8192K), 8 survivors (8192K)
 Metaspace       used 94532K, capacity 96805K, committed 97484K, reserved 1134592K
  class space    used 12189K, capacity 13011K, committed 13260K, reserved 1048576K
}
Event: 16.892 GC heap before
{Heap before GC invocations=29 (full 0):
 garbage-first heap   total 225280K, used 201672K [0x0000000080000000, 0x0000000100000000)
  region size 1024K, 57 young (58368K), 8 survivors (8192K)
 Metaspace       used 95047K, capacity 97281K, committed 97740K, reserved 1134592K
  class space    used 12261K, capacity 13086K, committed 13260K, reserved 1048576K
}
Event: 16.951 GC heap after
{Heap after GC invocations=30 (full 0):
 garbage-first heap   total 233472K, used 161248K [0x0000000080000000, 0x0000000100000000)
  region size 1024K, 8 young (8192K), 8 survivors (8192K)
 Metaspace       used 95047K, capacity 97281K, committed 97740K, reserved 1134592K
  class space    used 12261K, capacity 13086K, committed 13260K, reserved 1048576K
}
Event: 17.196 GC heap before
{Heap before GC invocations=30 (full 0):
 garbage-first heap   total 233472K, used 191968K [0x0000000080000000, 0x0000000100000000)
  region size 1024K, 36 young (36864K), 8 survivors (8192K)
 Metaspace       used 95048K, capacity 97282K, committed 97740K, reserved 1134592K
  class space    used 12261K, capacity 13086K, committed 13260K, reserved 1048576K
}
Event: 17.222 GC heap after
{Heap after GC invocations=31 (full 0):
 garbage-first heap   total 233472K, used 173267K [0x0000000080000000, 0x0000000100000000)
  region size 1024K, 5 young (5120K), 5 survivors (5120K)
 Metaspace       used 95048K, capacity 97282K, committed 97740K, reserved 1134592K
  class space    used 12261K, capacity 13086K, committed 13260K, reserved 1048576K
}

