# JRE version: OpenJDK Runtime Environment (11.0.11+9) (build 11.0.11+9-b60-7590822)
# Java VM: OpenJDK 64-Bit Server VM (11.0.11+9-b60-7590822, mixed mode, tiered, compressed oops, g1 gc, windows-amd64)
Heap:
 garbage-first heap   total 600064K, used 341493K [0x0000000080000000, 0x0000000100000000)
  region size 1024K, 13 young (13312K), 13 survivors (13312K)
 Metaspace       used 153072K, capacity 157130K, committed 158192K, reserved 1187840K
  class space    used 18709K, capacity 20162K, committed 20648K, reserved 1048576K
GC Heap History (20 events):
Event: 4014.055 GC heap after
{Heap after GC invocations=128 (full 0):
 garbage-first heap   total 492544K, used 247395K [0x0000000080000000, 0x0000000100000000)
  region size 1024K, 8 young (8192K), 8 survivors (8192K)
 Metaspace       used 152867K, capacity 156928K, committed 157936K, reserved 1187840K
  class space    used 18697K, capacity 20146K, committed 20648K, reserved 1048576K
}
Event: 4014.420 GC heap before
{Heap before GC invocations=128 (full 0):
 garbage-first heap   total 492544K, used 428643K [0x0000000080000000, 0x0000000100000000)
  region size 1024K, 186 young (190464K), 8 survivors (8192K)
 Metaspace       used 152920K, capacity 156955K, committed 157936K, reserved 1187840K
  class space    used 18703K, capacity 20153K, committed 20648K, reserved 1048576K
}
Event: 4014.434 GC heap after
{Heap after GC invocations=129 (full 0):
 garbage-first heap   total 492544K, used 247456K [0x0000000080000000, 0x0000000100000000)
  region size 1024K, 8 young (8192K), 8 survivors (8192K)
 Metaspace       used 152920K, capacity 156955K, committed 157936K, reserved 1187840K
  class space    used 18703K, capacity 20153K, committed 20648K, reserved 1048576K
}
Event: 4014.805 GC heap before
{Heap before GC invocations=129 (full 0):
 garbage-first heap   total 492544K, used 428704K [0x0000000080000000, 0x0000000100000000)
  region size 1024K, 186 young (190464K), 8 survivors (8192K)
 Metaspace       used 152981K, capacity 157046K, committed 157936K, reserved 1187840K
  class space    used 18709K, capacity 20162K, committed 20648K, reserved 1048576K
}
Event: 4014.821 GC heap after
{Heap after GC invocations=130 (full 0):
 garbage-first heap   total 492544K, used 252036K [0x0000000080000000, 0x0000000100000000)
  region size 1024K, 12 young (12288K), 12 survivors (12288K)
 Metaspace       used 152981K, capacity 157046K, committed 157936K, reserved 1187840K
  class space    used 18709K, capacity 20162K, committed 20648K, reserved 1048576K
}
Event: 4015.130 GC heap before
{Heap before GC invocations=130 (full 0):
 garbage-first heap   total 492544K, used 429188K [0x0000000080000000, 0x0000000100000000)
  region size 1024K, 184 young (188416K), 12 survivors (12288K)
 Metaspace       used 153006K, capacity 157056K, committed 157936K, reserved 1187840K
  class space    used 18709K, capacity 20162K, committed 20648K, reserved 1048576K
}
Event: 4015.151 GC heap after
{Heap after GC invocations=131 (full 0):
 garbage-first heap   total 492544K, used 264618K [0x0000000080000000, 0x0000000100000000)
  region size 1024K, 23 young (23552K), 23 survivors (23552K)
 Metaspace       used 153006K, capacity 157056K, committed 157936K, reserved 1187840K
  class space    used 18709K, capacity 20162K, committed 20648K, reserved 1048576K
}
Event: 4015.386 GC heap before
{Heap before GC invocations=131 (full 0):
 garbage-first heap   total 492544K, used 417194K [0x0000000080000000, 0x0000000100000000)
  region size 1024K, 173 young (177152K), 23 survivors (23552K)
 Metaspace       used 153020K, capacity 157058K, committed 157936K, reserved 1187840K
  class space    used 18709K, capacity 20162K, committed 20648K, reserved 1048576K
}
Event: 4015.411 GC heap after
{Heap after GC invocations=132 (full 0):
 garbage-first heap   total 492544K, used 276451K [0x0000000080000000, 0x0000000100000000)
  region size 1024K, 17 young (17408K), 17 survivors (17408K)
 Metaspace       used 153020K, capacity 157058K, committed 157936K, reserved 1187840K
  class space    used 18709K, capacity 20162K, committed 20648K, reserved 1048576K
}
Event: 4015.640 GC heap before
{Heap before GC invocations=132 (full 0):
 garbage-first heap   total 492544K, used 413667K [0x0000000080000000, 0x0000000100000000)
  region size 1024K, 152 young (155648K), 17 survivors (17408K)
 Metaspace       used 153023K, capacity 157058K, committed 157936K, reserved 1187840K
  class space    used 18709K, capacity 20162K, committed 20648K, reserved 1048576K
}
Event: 4015.657 GC heap after
{Heap after GC invocations=133 (full 0):
 garbage-first heap   total 492544K, used 281860K [0x0000000080000000, 0x0000000100000000)
  region size 1024K, 12 young (12288K), 12 survivors (12288K)
 Metaspace       used 153023K, capacity 157058K, committed 157936K, reserved 1187840K
  class space    used 18709K, capacity 20162K, committed 20648K, reserved 1048576K
}
Event: 4015.870 GC heap before
{Heap before GC invocations=133 (full 0):
 garbage-first heap   total 492544K, used 413956K [0x0000000080000000, 0x0000000100000000)
  region size 1024K, 142 young (145408K), 12 survivors (12288K)
 Metaspace       used 153031K, capacity 157059K, committed 157936K, reserved 1187840K
  class space    used 18709K, capacity 20162K, committed 20648K, reserved 1048576K
}
Event: 4015.886 GC heap after
{Heap after GC invocations=134 (full 0):
 garbage-first heap   total 492544K, used 293480K [0x0000000080000000, 0x0000000100000000)
  region size 1024K, 13 young (13312K), 13 survivors (13312K)
 Metaspace       used 153031K, capacity 157059K, committed 157936K, reserved 1187840K
  class space    used 18709K, capacity 20162K, committed 20648K, reserved 1048576K
}
Event: 4016.070 GC heap before
{Heap before GC invocations=134 (full 0):
 garbage-first heap   total 492544K, used 415336K [0x0000000080000000, 0x0000000100000000)
  region size 1024K, 133 young (136192K), 13 survivors (13312K)
 Metaspace       used 153039K, capacity 157061K, committed 157936K, reserved 1187840K
  class space    used 18709K, capacity 20162K, committed 20648K, reserved 1048576K
}
Event: 4016.093 GC heap after
{Heap after GC invocations=135 (full 0):
 garbage-first heap   total 492544K, used 305516K [0x0000000080000000, 0x0000000100000000)
  region size 1024K, 16 young (16384K), 16 survivors (16384K)
 Metaspace       used 153039K, capacity 157061K, committed 157936K, reserved 1187840K
  class space    used 18709K, capacity 20162K, committed 20648K, reserved 1048576K
}
Event: 4016.285 GC heap before
{Heap before GC invocations=135 (full 0):
 garbage-first heap   total 492544K, used 414060K [0x0000000080000000, 0x0000000100000000)
  region size 1024K, 122 young (124928K), 16 survivors (16384K)
 Metaspace       used 153064K, capacity 157129K, committed 158192K, reserved 1187840K
  class space    used 18709K, capacity 20162K, committed 20648K, reserved 1048576K
}
Event: 4016.308 GC heap after
{Heap after GC invocations=136 (full 0):
 garbage-first heap   total 492544K, used 313963K [0x0000000080000000, 0x0000000100000000)
  region size 1024K, 10 young (10240K), 10 survivors (10240K)
 Metaspace       used 153064K, capacity 157129K, committed 158192K, reserved 1187840K
  class space    used 18709K, capacity 20162K, committed 20648K, reserved 1048576K
}
Event: 4016.445 GC heap before
{Heap before GC invocations=136 (full 0):
 garbage-first heap   total 492544K, used 421483K [0x0000000080000000, 0x0000000100000000)
  region size 1024K, 116 young (118784K), 10 survivors (10240K)
 Metaspace       used 153065K, capacity 157129K, committed 158192K, reserved 1187840K
  class space    used 18709K, capacity 20162K, committed 20648K, reserved 1048576K
}
Event: 4016.471 GC heap after
{Heap after GC invocations=137 (full 0):
 garbage-first heap   total 492544K, used 330033K [0x0000000080000000, 0x0000000100000000)
  region size 1024K, 14 young (14336K), 14 survivors (14336K)
 Metaspace       used 153065K, capacity 157129K, committed 158192K, reserved 1187840K
  class space    used 18709K, capacity 20162K, committed 20648K, reserved 1048576K
}
Event: 4016.565 GC heap before
{Heap before GC invocations=137 (full 0):
 garbage-first heap   total 492544K, used 415025K [0x0000000080000000, 0x0000000100000000)
  region size 1024K, 98 young (100352K), 14 survivors (14336K)
 Metaspace       used 153072K, capacity 157130K, committed 158192K, reserved 1187840K
  class space    used 18709K, capacity 20162K, committed 20648K, reserved 1048576K
}

