# JRE version: OpenJDK Runtime Environment (11.0.11+9) (build 11.0.11+9-b60-7590822)
# Java VM: OpenJDK 64-Bit Server VM (11.0.11+9-b60-7590822, mixed mode, tiered, compressed oops, g1 gc, windows-amd64)
Heap:
 garbage-first heap   total 225280K, used 139733K [0x0000000080000000, 0x0000000100000000)
  region size 1024K, 21 young (21504K), 5 survivors (5120K)
 Metaspace       used 100012K, capacity 102539K, committed 102768K, reserved 1138688K
  class space    used 12828K, capacity 13722K, committed 13848K, reserved 1048576K
GC Heap History (20 events):
Event: 16.714 GC heap before
{Heap before GC invocations=21 (full 0):
 garbage-first heap   total 187392K, used 148480K [0x0000000080000000, 0x0000000100000000)
  region size 1024K, 73 young (74752K), 10 survivors (10240K)
 Metaspace       used 86598K, capacity 88917K, committed 89072K, reserved 1126400K
  class space    used 11307K, capacity 12166K, committed 12184K, reserved 1048576K
}
Event: 16.730 GC heap after
{Heap after GC invocations=22 (full 0):
 garbage-first heap   total 187392K, used 89481K [0x0000000080000000, 0x0000000100000000)
  region size 1024K, 6 young (6144K), 6 survivors (6144K)
 Metaspace       used 86598K, capacity 88917K, committed 89072K, reserved 1126400K
  class space    used 11307K, capacity 12166K, committed 12184K, reserved 1048576K
}
Event: 17.207 GC heap before
{Heap before GC invocations=22 (full 0):
 garbage-first heap   total 187392K, used 149897K [0x0000000080000000, 0x0000000100000000)
  region size 1024K, 66 young (67584K), 6 survivors (6144K)
 Metaspace       used 87038K, capacity 89484K, committed 89712K, reserved 1126400K
  class space    used 11348K, capacity 12214K, committed 12312K, reserved 1048576K
}
Event: 17.219 GC heap after
{Heap after GC invocations=23 (full 0):
 garbage-first heap   total 187392K, used 94159K [0x0000000080000000, 0x0000000100000000)
  region size 1024K, 7 young (7168K), 7 survivors (7168K)
 Metaspace       used 87038K, capacity 89484K, committed 89712K, reserved 1126400K
  class space    used 11348K, capacity 12214K, committed 12312K, reserved 1048576K
}
Event: 18.121 GC heap before
{Heap before GC invocations=23 (full 0):
 garbage-first heap   total 187392K, used 150479K [0x0000000080000000, 0x0000000100000000)
  region size 1024K, 63 young (64512K), 7 survivors (7168K)
 Metaspace       used 89616K, capacity 92035K, committed 92272K, reserved 1128448K
  class space    used 11586K, capacity 12449K, committed 12568K, reserved 1048576K
}
Event: 18.133 GC heap after
{Heap after GC invocations=24 (full 0):
 garbage-first heap   total 187392K, used 96380K [0x0000000080000000, 0x0000000100000000)
  region size 1024K, 4 young (4096K), 4 survivors (4096K)
 Metaspace       used 89616K, capacity 92035K, committed 92272K, reserved 1128448K
  class space    used 11586K, capacity 12449K, committed 12568K, reserved 1048576K
}
Event: 18.955 GC heap before
{Heap before GC invocations=25 (full 0):
 garbage-first heap   total 187392K, used 151676K [0x0000000080000000, 0x0000000100000000)
  region size 1024K, 59 young (60416K), 4 survivors (4096K)
 Metaspace       used 92630K, capacity 94819K, committed 95728K, reserved 1132544K
  class space    used 11919K, capacity 12688K, committed 12952K, reserved 1048576K
}
Event: 18.965 GC heap after
{Heap after GC invocations=26 (full 0):
 garbage-first heap   total 187392K, used 98944K [0x0000000080000000, 0x0000000100000000)
  region size 1024K, 7 young (7168K), 7 survivors (7168K)
 Metaspace       used 92630K, capacity 94819K, committed 95728K, reserved 1132544K
  class space    used 11919K, capacity 12688K, committed 12952K, reserved 1048576K
}
Event: 19.269 GC heap before
{Heap before GC invocations=26 (full 0):
 garbage-first heap   total 187392K, used 152192K [0x0000000080000000, 0x0000000100000000)
  region size 1024K, 60 young (61440K), 7 survivors (7168K)
 Metaspace       used 92720K, capacity 94984K, committed 95856K, reserved 1132544K
  class space    used 11927K, capacity 12721K, committed 13080K, reserved 1048576K
}
Event: 19.283 GC heap after
{Heap after GC invocations=27 (full 0):
 garbage-first heap   total 187392K, used 102770K [0x0000000080000000, 0x0000000100000000)
  region size 1024K, 8 young (8192K), 8 survivors (8192K)
 Metaspace       used 92720K, capacity 94984K, committed 95856K, reserved 1132544K
  class space    used 11927K, capacity 12721K, committed 13080K, reserved 1048576K
}
Event: 19.651 GC heap before
{Heap before GC invocations=28 (full 0):
 garbage-first heap   total 187392K, used 153970K [0x0000000080000000, 0x0000000100000000)
  region size 1024K, 59 young (60416K), 8 survivors (8192K)
 Metaspace       used 92795K, capacity 95006K, committed 95856K, reserved 1132544K
  class space    used 11932K, capacity 12726K, committed 13080K, reserved 1048576K
}
Event: 19.666 GC heap after
{Heap after GC invocations=29 (full 0):
 garbage-first heap   total 225280K, used 105404K [0x0000000080000000, 0x0000000100000000)
  region size 1024K, 6 young (6144K), 6 survivors (6144K)
 Metaspace       used 92795K, capacity 95006K, committed 95856K, reserved 1132544K
  class space    used 11932K, capacity 12726K, committed 13080K, reserved 1048576K
}
Event: 21.966 GC heap before
{Heap before GC invocations=29 (full 0):
 garbage-first heap   total 225280K, used 174012K [0x0000000080000000, 0x0000000100000000)
  region size 1024K, 74 young (75776K), 6 survivors (6144K)
 Metaspace       used 94105K, capacity 96438K, committed 97264K, reserved 1134592K
  class space    used 12078K, capacity 12893K, committed 13208K, reserved 1048576K
}
Event: 21.980 GC heap after
{Heap after GC invocations=30 (full 0):
 garbage-first heap   total 225280K, used 110492K [0x0000000080000000, 0x0000000100000000)
  region size 1024K, 10 young (10240K), 10 survivors (10240K)
 Metaspace       used 94105K, capacity 96438K, committed 97264K, reserved 1134592K
  class space    used 12078K, capacity 12893K, committed 13208K, reserved 1048576K
}
Event: 22.568 GC heap before
{Heap before GC invocations=30 (full 0):
 garbage-first heap   total 225280K, used 177052K [0x0000000080000000, 0x0000000100000000)
  region size 1024K, 76 young (77824K), 10 survivors (10240K)
 Metaspace       used 94761K, capacity 97021K, committed 97776K, reserved 1134592K
  class space    used 12148K, capacity 12959K, committed 13208K, reserved 1048576K
}
Event: 22.582 GC heap after
{Heap after GC invocations=31 (full 0):
 garbage-first heap   total 225280K, used 114092K [0x0000000080000000, 0x0000000100000000)
  region size 1024K, 6 young (6144K), 6 survivors (6144K)
 Metaspace       used 94761K, capacity 97021K, committed 97776K, reserved 1134592K
  class space    used 12148K, capacity 12959K, committed 13208K, reserved 1048576K
}
Event: 23.612 GC heap before
{Heap before GC invocations=31 (full 0):
 garbage-first heap   total 225280K, used 179628K [0x0000000080000000, 0x0000000100000000)
  region size 1024K, 71 young (72704K), 6 survivors (6144K)
 Metaspace       used 97370K, capacity 99656K, committed 100208K, reserved 1136640K
  class space    used 12453K, capacity 13298K, committed 13592K, reserved 1048576K
}
Event: 23.631 GC heap after
{Heap after GC invocations=32 (full 0):
 garbage-first heap   total 225280K, used 119808K [0x0000000080000000, 0x0000000100000000)
  region size 1024K, 9 young (9216K), 9 survivors (9216K)
 Metaspace       used 97370K, capacity 99656K, committed 100208K, reserved 1136640K
  class space    used 12453K, capacity 13298K, committed 13592K, reserved 1048576K
}
Event: 48.984 GC heap before
{Heap before GC invocations=33 (full 0):
 garbage-first heap   total 225280K, used 182272K [0x0000000080000000, 0x0000000100000000)
  region size 1024K, 71 young (72704K), 9 survivors (9216K)
 Metaspace       used 99950K, capacity 102465K, committed 102768K, reserved 1138688K
  class space    used 12826K, capacity 13720K, committed 13848K, reserved 1048576K
}
Event: 48.997 GC heap after
{Heap after GC invocations=34 (full 0):
 garbage-first heap   total 225280K, used 124373K [0x0000000080000000, 0x0000000100000000)
  region size 1024K, 5 young (5120K), 5 survivors (5120K)
 Metaspace       used 99950K, capacity 102465K, committed 102768K, reserved 1138688K
  class space    used 12826K, capacity 13720K, committed 13848K, reserved 1048576K
}

