# JRE version: OpenJDK Runtime Environment (11.0.11+9) (build 11.0.11+9-b60-7590822)
# Java VM: OpenJDK 64-Bit Server VM (11.0.11+9-b60-7590822, mixed mode, tiered, compressed oops, g1 gc, windows-amd64)
Heap:
 garbage-first heap   total 270336K, used 110862K [0x0000000080000000, 0x0000000100000000)
  region size 1024K, 5 young (5120K), 5 survivors (5120K)
 Metaspace       used 91852K, capacity 94104K, committed 94800K, reserved 1130496K
  class space    used 11845K, capacity 12663K, committed 12928K, reserved 1048576K
GC Heap History (20 events):
Event: 6.026 GC heap after
{Heap after GC invocations=15 (full 0):
 garbage-first heap   total 187392K, used 60551K [0x0000000080000000, 0x0000000100000000)
  region size 1024K, 7 young (7168K), 7 survivors (7168K)
 Metaspace       used 65727K, capacity 67234K, committed 67536K, reserved 1107968K
  class space    used 8356K, capacity 8904K, committed 8960K, reserved 1048576K
}
Event: 6.440 GC heap before
{Heap before GC invocations=15 (full 0):
 garbage-first heap   total 187392K, used 137351K [0x0000000080000000, 0x0000000100000000)
  region size 1024K, 82 young (83968K), 7 survivors (7168K)
 Metaspace       used 68826K, capacity 70508K, committed 70736K, reserved 1110016K
  class space    used 8733K, capacity 9306K, committed 9344K, reserved 1048576K
}
Event: 6.446 GC heap after
{Heap after GC invocations=16 (full 0):
 garbage-first heap   total 187392K, used 66460K [0x0000000080000000, 0x0000000100000000)
  region size 1024K, 11 young (11264K), 11 survivors (11264K)
 Metaspace       used 68826K, capacity 70508K, committed 70736K, reserved 1110016K
  class space    used 8733K, capacity 9306K, committed 9344K, reserved 1048576K
}
Event: 7.184 GC heap before
{Heap before GC invocations=16 (full 0):
 garbage-first heap   total 187392K, used 142236K [0x0000000080000000, 0x0000000100000000)
  region size 1024K, 85 young (87040K), 11 survivors (11264K)
 Metaspace       used 76853K, capacity 78698K, committed 78928K, reserved 1118208K
  class space    used 9951K, capacity 10591K, committed 10624K, reserved 1048576K
}
Event: 7.192 GC heap after
{Heap after GC invocations=17 (full 0):
 garbage-first heap   total 187392K, used 71691K [0x0000000080000000, 0x0000000100000000)
  region size 1024K, 11 young (11264K), 11 survivors (11264K)
 Metaspace       used 76853K, capacity 78698K, committed 78928K, reserved 1118208K
  class space    used 9951K, capacity 10591K, committed 10624K, reserved 1048576K
}
Event: 7.829 GC heap before
{Heap before GC invocations=17 (full 0):
 garbage-first heap   total 187392K, used 145419K [0x0000000080000000, 0x0000000100000000)
  region size 1024K, 83 young (84992K), 11 survivors (11264K)
 Metaspace       used 82853K, capacity 84752K, committed 84944K, reserved 1122304K
  class space    used 10760K, capacity 11456K, committed 11520K, reserved 1048576K
}
Event: 7.837 GC heap after
{Heap after GC invocations=18 (full 0):
 garbage-first heap   total 187392K, used 76117K [0x0000000080000000, 0x0000000100000000)
  region size 1024K, 10 young (10240K), 10 survivors (10240K)
 Metaspace       used 82853K, capacity 84752K, committed 84944K, reserved 1122304K
  class space    used 10760K, capacity 11456K, committed 11520K, reserved 1048576K
}
Event: 8.406 GC heap before
{Heap before GC invocations=18 (full 0):
 garbage-first heap   total 187392K, used 146773K [0x0000000080000000, 0x0000000100000000)
  region size 1024K, 80 young (81920K), 10 survivors (10240K)
 Metaspace       used 86116K, capacity 88507K, committed 88656K, reserved 1126400K
  class space    used 11287K, capacity 12145K, committed 12160K, reserved 1048576K
}
Event: 8.415 GC heap after
{Heap after GC invocations=19 (full 0):
 garbage-first heap   total 187392K, used 82283K [0x0000000080000000, 0x0000000100000000)
  region size 1024K, 10 young (10240K), 10 survivors (10240K)
 Metaspace       used 86116K, capacity 88507K, committed 88656K, reserved 1126400K
  class space    used 11287K, capacity 12145K, committed 12160K, reserved 1048576K
}
Event: 8.645 GC heap before
{Heap before GC invocations=19 (full 0):
 garbage-first heap   total 187392K, used 147819K [0x0000000080000000, 0x0000000100000000)
  region size 1024K, 75 young (76800K), 10 survivors (10240K)
 Metaspace       used 86480K, capacity 88829K, committed 88912K, reserved 1126400K
  class space    used 11295K, capacity 12155K, committed 12160K, reserved 1048576K
}
Event: 8.653 GC heap after
{Heap after GC invocations=20 (full 0):
 garbage-first heap   total 187392K, used 88489K [0x0000000080000000, 0x0000000100000000)
  region size 1024K, 7 young (7168K), 7 survivors (7168K)
 Metaspace       used 86480K, capacity 88829K, committed 88912K, reserved 1126400K
  class space    used 11295K, capacity 12155K, committed 12160K, reserved 1048576K
}
Event: 8.921 GC heap before
{Heap before GC invocations=20 (full 0):
 garbage-first heap   total 187392K, used 149929K [0x0000000080000000, 0x0000000100000000)
  region size 1024K, 68 young (69632K), 7 survivors (7168K)
 Metaspace       used 87082K, capacity 89491K, committed 89808K, reserved 1126400K
  class space    used 11338K, capacity 12204K, committed 12288K, reserved 1048576K
}
Event: 8.930 GC heap after
{Heap after GC invocations=21 (full 0):
 garbage-first heap   total 225280K, used 93633K [0x0000000080000000, 0x0000000100000000)
  region size 1024K, 7 young (7168K), 7 survivors (7168K)
 Metaspace       used 87082K, capacity 89491K, committed 89808K, reserved 1126400K
  class space    used 11338K, capacity 12204K, committed 12288K, reserved 1048576K
}
Event: 9.429 GC heap before
{Heap before GC invocations=21 (full 0):
 garbage-first heap   total 225280K, used 173505K [0x0000000080000000, 0x0000000100000000)
  region size 1024K, 86 young (88064K), 7 survivors (7168K)
 Metaspace       used 91734K, capacity 94119K, committed 94416K, reserved 1130496K
  class space    used 11884K, capacity 12742K, committed 12800K, reserved 1048576K
}
Event: 9.437 GC heap after
{Heap after GC invocations=22 (full 0):
 garbage-first heap   total 225280K, used 98129K [0x0000000080000000, 0x0000000100000000)
  region size 1024K, 6 young (6144K), 6 survivors (6144K)
 Metaspace       used 91734K, capacity 94119K, committed 94416K, reserved 1130496K
  class space    used 11884K, capacity 12742K, committed 12800K, reserved 1048576K
}
Event: 9.638 GC heap before
{Heap before GC invocations=22 (full 0):
 garbage-first heap   total 225280K, used 176977K [0x0000000080000000, 0x0000000100000000)
  region size 1024K, 84 young (86016K), 6 survivors (6144K)
 Metaspace       used 92070K, capacity 94561K, committed 94800K, reserved 1130496K
  class space    used 11933K, capacity 12842K, committed 12928K, reserved 1048576K
}
Event: 9.646 GC heap after
{Heap after GC invocations=23 (full 0):
 garbage-first heap   total 225280K, used 104073K [0x0000000080000000, 0x0000000100000000)
  region size 1024K, 11 young (11264K), 11 survivors (11264K)
 Metaspace       used 92070K, capacity 94561K, committed 94800K, reserved 1130496K
  class space    used 11933K, capacity 12842K, committed 12928K, reserved 1048576K
}
Event: 9.651 GC heap before
{Heap before GC invocations=23 (full 0):
 garbage-first heap   total 225280K, used 112265K [0x0000000080000000, 0x0000000100000000)
  region size 1024K, 12 young (12288K), 11 survivors (11264K)
 Metaspace       used 92105K, capacity 94576K, committed 94800K, reserved 1130496K
  class space    used 11939K, capacity 12847K, committed 12928K, reserved 1048576K
}
Event: 9.660 GC heap after
{Heap after GC invocations=24 (full 0):
 garbage-first heap   total 225280K, used 113605K [0x0000000080000000, 0x0000000100000000)
  region size 1024K, 2 young (2048K), 2 survivors (2048K)
 Metaspace       used 92105K, capacity 94576K, committed 94800K, reserved 1130496K
  class space    used 11939K, capacity 12847K, committed 12928K, reserved 1048576K
}
Event: 9.835 GC heap before
{Heap before GC invocations=24 (full 0):
 garbage-first heap   total 225280K, used 169925K [0x0000000080000000, 0x0000000100000000)
  region size 1024K, 50 young (51200K), 2 survivors (2048K)
 Metaspace       used 91852K, capacity 94104K, committed 94800K, reserved 1130496K
  class space    used 11845K, capacity 12663K, committed 12928K, reserved 1048576K
}

