# JRE version: OpenJDK Runtime Environment (11.0.11+9) (build 11.0.11+9-b60-7590822)
# Java VM: OpenJDK 64-Bit Server VM (11.0.11+9-b60-7590822, mixed mode, tiered, compressed oops, g1 gc, windows-amd64)
Heap:
 garbage-first heap   total 225280K, used 140535K [0x0000000080000000, 0x0000000100000000)
  region size 1024K, 79 young (80896K), 11 survivors (11264K)
 Metaspace       used 82124K, capacity 84089K, committed 84172K, reserved 1122304K
  class space    used 10696K, capacity 11408K, committed 11468K, reserved 1048576K
GC Heap History (20 events):
Event: 1.466 GC heap before
{Heap before GC invocations=3 (full 0):
 garbage-first heap   total 129024K, used 33148K [0x0000000080000000, 0x0000000100000000)
  region size 1024K, 24 young (24576K), 7 survivors (7168K)
 Metaspace       used 20644K, capacity 21079K, committed 21248K, reserved 1067008K
  class space    used 2537K, capacity 2693K, committed 2816K, reserved 1048576K
}
Event: 1.470 GC heap after
{Heap after GC invocations=4 (full 0):
 garbage-first heap   total 129024K, used 17745K [0x0000000080000000, 0x0000000100000000)
  region size 1024K, 5 young (5120K), 5 survivors (5120K)
 Metaspace       used 20644K, capacity 21079K, committed 21248K, reserved 1067008K
  class space    used 2537K, capacity 2693K, committed 2816K, reserved 1048576K
}
Event: 1.844 GC heap before
{Heap before GC invocations=5 (full 0):
 garbage-first heap   total 129024K, used 66897K [0x0000000080000000, 0x0000000100000000)
  region size 1024K, 54 young (55296K), 5 survivors (5120K)
 Metaspace       used 25901K, capacity 26576K, committed 26752K, reserved 1073152K
  class space    used 3386K, capacity 3617K, committed 3712K, reserved 1048576K
}
Event: 1.848 GC heap after
{Heap after GC invocations=6 (full 0):
 garbage-first heap   total 155648K, used 19750K [0x0000000080000000, 0x0000000100000000)
  region size 1024K, 3 young (3072K), 3 survivors (3072K)
 Metaspace       used 25901K, capacity 26576K, committed 26752K, reserved 1073152K
  class space    used 3386K, capacity 3617K, committed 3712K, reserved 1048576K
}
Event: 2.401 GC heap before
{Heap before GC invocations=6 (full 0):
 garbage-first heap   total 155648K, used 81190K [0x0000000080000000, 0x0000000100000000)
  region size 1024K, 64 young (65536K), 3 survivors (3072K)
 Metaspace       used 35044K, capacity 35785K, committed 35840K, reserved 1081344K
  class space    used 4561K, capacity 4863K, committed 4864K, reserved 1048576K
}
Event: 2.408 GC heap after
{Heap after GC invocations=7 (full 0):
 garbage-first heap   total 155648K, used 23241K [0x0000000080000000, 0x0000000100000000)
  region size 1024K, 7 young (7168K), 7 survivors (7168K)
 Metaspace       used 35044K, capacity 35785K, committed 35840K, reserved 1081344K
  class space    used 4561K, capacity 4863K, committed 4864K, reserved 1048576K
}
Event: 2.930 GC heap before
{Heap before GC invocations=8 (full 0):
 garbage-first heap   total 155648K, used 93897K [0x0000000080000000, 0x0000000100000000)
  region size 1024K, 74 young (75776K), 7 survivors (7168K)
 Metaspace       used 39843K, capacity 40940K, committed 41164K, reserved 1085440K
  class space    used 5100K, capacity 5469K, committed 5580K, reserved 1048576K
}
Event: 2.937 GC heap after
{Heap after GC invocations=9 (full 0):
 garbage-first heap   total 155648K, used 28494K [0x0000000080000000, 0x0000000100000000)
  region size 1024K, 9 young (9216K), 9 survivors (9216K)
 Metaspace       used 39843K, capacity 40940K, committed 41164K, reserved 1085440K
  class space    used 5100K, capacity 5469K, committed 5580K, reserved 1048576K
}
Event: 3.520 GC heap before
{Heap before GC invocations=9 (full 0):
 garbage-first heap   total 155648K, used 108366K [0x0000000080000000, 0x0000000100000000)
  region size 1024K, 87 young (89088K), 9 survivors (9216K)
 Metaspace       used 46805K, capacity 48066K, committed 48332K, reserved 1091584K
  class space    used 6040K, capacity 6475K, committed 6604K, reserved 1048576K
}
Event: 3.528 GC heap after
{Heap after GC invocations=10 (full 0):
 garbage-first heap   total 155648K, used 31392K [0x0000000080000000, 0x0000000100000000)
  region size 1024K, 9 young (9216K), 9 survivors (9216K)
 Metaspace       used 46805K, capacity 48066K, committed 48332K, reserved 1091584K
  class space    used 6040K, capacity 6475K, committed 6604K, reserved 1048576K
}
Event: 4.088 GC heap before
{Heap before GC invocations=10 (full 0):
 garbage-first heap   total 155648K, used 119456K [0x0000000080000000, 0x0000000100000000)
  region size 1024K, 87 young (89088K), 9 survivors (9216K)
 Metaspace       used 50143K, capacity 51587K, committed 51788K, reserved 1093632K
  class space    used 6407K, capacity 6860K, committed 6988K, reserved 1048576K
}
Event: 4.098 GC heap after
{Heap after GC invocations=11 (full 0):
 garbage-first heap   total 187392K, used 52762K [0x0000000080000000, 0x0000000100000000)
  region size 1024K, 11 young (11264K), 11 survivors (11264K)
 Metaspace       used 50143K, capacity 51587K, committed 51788K, reserved 1093632K
  class space    used 6407K, capacity 6860K, committed 6988K, reserved 1048576K
}
Event: 4.661 GC heap before
{Heap before GC invocations=11 (full 0):
 garbage-first heap   total 187392K, used 111130K [0x0000000080000000, 0x0000000100000000)
  region size 1024K, 69 young (70656K), 11 survivors (11264K)
 Metaspace       used 58586K, capacity 60178K, committed 60236K, reserved 1101824K
  class space    used 7460K, capacity 7993K, committed 8012K, reserved 1048576K
}
Event: 4.673 GC heap after
{Heap after GC invocations=12 (full 0):
 garbage-first heap   total 187392K, used 56504K [0x0000000080000000, 0x0000000100000000)
  region size 1024K, 3 young (3072K), 3 survivors (3072K)
 Metaspace       used 58586K, capacity 60178K, committed 60236K, reserved 1101824K
  class space    used 7460K, capacity 7993K, committed 8012K, reserved 1048576K
}
Event: 5.410 GC heap before
{Heap before GC invocations=13 (full 0):
 garbage-first heap   total 187392K, used 130232K [0x0000000080000000, 0x0000000100000000)
  region size 1024K, 75 young (76800K), 3 survivors (3072K)
 Metaspace       used 65488K, capacity 67198K, committed 67276K, reserved 1107968K
  class space    used 8324K, capacity 8892K, committed 8908K, reserved 1048576K
}
Event: 5.418 GC heap after
{Heap after GC invocations=14 (full 0):
 garbage-first heap   total 187392K, used 60872K [0x0000000080000000, 0x0000000100000000)
  region size 1024K, 8 young (8192K), 8 survivors (8192K)
 Metaspace       used 65488K, capacity 67198K, committed 67276K, reserved 1107968K
  class space    used 8324K, capacity 8892K, committed 8908K, reserved 1048576K
}
Event: 5.863 GC heap before
{Heap before GC invocations=14 (full 0):
 garbage-first heap   total 187392K, used 134600K [0x0000000080000000, 0x0000000100000000)
  region size 1024K, 80 young (81920K), 8 survivors (8192K)
 Metaspace       used 68385K, capacity 70063K, committed 70220K, reserved 1110016K
  class space    used 8666K, capacity 9264K, committed 9292K, reserved 1048576K
}
Event: 5.870 GC heap after
{Heap after GC invocations=15 (full 0):
 garbage-first heap   total 187392K, used 66208K [0x0000000080000000, 0x0000000100000000)
  region size 1024K, 10 young (10240K), 10 survivors (10240K)
 Metaspace       used 68385K, capacity 70063K, committed 70220K, reserved 1110016K
  class space    used 8666K, capacity 9264K, committed 9292K, reserved 1048576K
}
Event: 6.626 GC heap before
{Heap before GC invocations=15 (full 0):
 garbage-first heap   total 187392K, used 139936K [0x0000000080000000, 0x0000000100000000)
  region size 1024K, 82 young (83968K), 10 survivors (10240K)
 Metaspace       used 76473K, capacity 78268K, committed 78412K, reserved 1118208K
  class space    used 9897K, capacity 10538K, committed 10572K, reserved 1048576K
}
Event: 6.635 GC heap after
{Heap after GC invocations=16 (full 0):
 garbage-first heap   total 225280K, used 71927K [0x0000000080000000, 0x0000000100000000)
  region size 1024K, 11 young (11264K), 11 survivors (11264K)
 Metaspace       used 76473K, capacity 78268K, committed 78412K, reserved 1118208K
  class space    used 9897K, capacity 10538K, committed 10572K, reserved 1048576K
}

