# JRE version: OpenJDK Runtime Environment (11.0.11+9) (build 11.0.11+9-b60-7590822)
# Java VM: OpenJDK 64-Bit Server VM (11.0.11+9-b60-7590822, mixed mode, tiered, compressed oops, g1 gc, windows-amd64)
Heap:
 garbage-first heap   total 272384K, used 159947K [0x0000000080000000, 0x0000000100000000)
  region size 1024K, 3 young (3072K), 2 survivors (2048K)
 Metaspace       used 133597K, capacity 137342K, committed 137596K, reserved 1169408K
  class space    used 16722K, capacity 18111K, committed 18176K, reserved 1048576K
GC Heap History (20 events):
Event: 2799.698 GC heap before
{Heap before GC invocations=69 (full 0):
 garbage-first heap   total 225280K, used 185954K [0x0000000080000000, 0x0000000100000000)
  region size 1024K, 51 young (52224K), 3 survivors (3072K)
 Metaspace       used 119208K, capacity 122272K, committed 122492K, reserved 1157120K
  class space    used 14734K, capacity 15839K, committed 15872K, reserved 1048576K
}
Event: 2799.705 GC heap after
{Heap after GC invocations=70 (full 0):
 garbage-first heap   total 225280K, used 134606K [0x0000000080000000, 0x0000000100000000)
  region size 1024K, 3 young (3072K), 3 survivors (3072K)
 Metaspace       used 119208K, capacity 122272K, committed 122492K, reserved 1157120K
  class space    used 14734K, capacity 15839K, committed 15872K, reserved 1048576K
}
Event: 2799.734 GC heap before
{Heap before GC invocations=70 (full 0):
 garbage-first heap   total 225280K, used 141774K [0x0000000080000000, 0x0000000100000000)
  region size 1024K, 11 young (11264K), 3 survivors (3072K)
 Metaspace       used 119222K, capacity 122273K, committed 122492K, reserved 1157120K
  class space    used 14735K, capacity 15839K, committed 15872K, reserved 1048576K
}
Event: 2799.745 GC heap after
{Heap after GC invocations=71 (full 0):
 garbage-first heap   total 225280K, used 135126K [0x0000000080000000, 0x0000000100000000)
  region size 1024K, 2 young (2048K), 2 survivors (2048K)
 Metaspace       used 119222K, capacity 122273K, committed 122492K, reserved 1157120K
  class space    used 14735K, capacity 15839K, committed 15872K, reserved 1048576K
}
Event: 2800.480 GC heap before
{Heap before GC invocations=71 (full 0):
 garbage-first heap   total 225280K, used 183254K [0x0000000080000000, 0x0000000100000000)
  region size 1024K, 50 young (51200K), 2 survivors (2048K)
 Metaspace       used 122940K, capacity 126214K, committed 126460K, reserved 1159168K
  class space    used 15260K, capacity 16438K, committed 16512K, reserved 1048576K
}
Event: 2800.514 GC heap after
{Heap after GC invocations=72 (full 0):
 garbage-first heap   total 225280K, used 145340K [0x0000000080000000, 0x0000000100000000)
  region size 1024K, 7 young (7168K), 7 survivors (7168K)
 Metaspace       used 122940K, capacity 126214K, committed 126460K, reserved 1159168K
  class space    used 15260K, capacity 16438K, committed 16512K, reserved 1048576K
}
Event: 2801.578 GC heap before
{Heap before GC invocations=73 (full 0):
 garbage-first heap   total 225280K, used 183228K [0x0000000080000000, 0x0000000100000000)
  region size 1024K, 45 young (46080K), 7 survivors (7168K)
 Metaspace       used 127812K, capacity 131297K, committed 131452K, reserved 1163264K
  class space    used 16043K, capacity 17357K, committed 17408K, reserved 1048576K
}
Event: 2801.592 GC heap after
{Heap after GC invocations=74 (full 0):
 garbage-first heap   total 225280K, used 148875K [0x0000000080000000, 0x0000000100000000)
  region size 1024K, 5 young (5120K), 5 survivors (5120K)
 Metaspace       used 127812K, capacity 131297K, committed 131452K, reserved 1163264K
  class space    used 16043K, capacity 17357K, committed 17408K, reserved 1048576K
}
Event: 2801.690 GC heap before
{Heap before GC invocations=74 (full 0):
 garbage-first heap   total 225280K, used 155019K [0x0000000080000000, 0x0000000100000000)
  region size 1024K, 11 young (11264K), 5 survivors (5120K)
 Metaspace       used 127890K, capacity 131364K, committed 131452K, reserved 1163264K
  class space    used 16043K, capacity 17357K, committed 17408K, reserved 1048576K
}
Event: 2801.706 GC heap after
{Heap after GC invocations=75 (full 0):
 garbage-first heap   total 225280K, used 148814K [0x0000000080000000, 0x0000000100000000)
  region size 1024K, 2 young (2048K), 2 survivors (2048K)
 Metaspace       used 127890K, capacity 131364K, committed 131452K, reserved 1163264K
  class space    used 16043K, capacity 17357K, committed 17408K, reserved 1048576K
}
Event: 2802.482 GC heap before
{Heap before GC invocations=75 (full 0):
 garbage-first heap   total 225280K, used 181582K [0x0000000080000000, 0x0000000100000000)
  region size 1024K, 36 young (36864K), 2 survivors (2048K)
 Metaspace       used 130004K, capacity 133773K, committed 133884K, reserved 1165312K
  class space    used 16318K, capacity 17731K, committed 17792K, reserved 1048576K
}
Event: 2802.490 GC heap after
{Heap after GC invocations=76 (full 0):
 garbage-first heap   total 225280K, used 150193K [0x0000000080000000, 0x0000000100000000)
  region size 1024K, 3 young (3072K), 3 survivors (3072K)
 Metaspace       used 130004K, capacity 133773K, committed 133884K, reserved 1165312K
  class space    used 16318K, capacity 17731K, committed 17792K, reserved 1048576K
}
Event: 2804.773 GC heap before
{Heap before GC invocations=77 (full 0):
 garbage-first heap   total 225280K, used 189105K [0x0000000080000000, 0x0000000100000000)
  region size 1024K, 40 young (40960K), 3 survivors (3072K)
 Metaspace       used 130802K, capacity 134430K, committed 134908K, reserved 1167360K
  class space    used 16264K, capacity 17629K, committed 17792K, reserved 1048576K
}
Event: 2804.780 GC heap after
{Heap after GC invocations=78 (full 0):
 garbage-first heap   total 225280K, used 149143K [0x0000000080000000, 0x0000000100000000)
  region size 1024K, 2 young (2048K), 2 survivors (2048K)
 Metaspace       used 130802K, capacity 134430K, committed 134908K, reserved 1167360K
  class space    used 16264K, capacity 17629K, committed 17792K, reserved 1048576K
}
Event: 2804.877 GC heap before
{Heap before GC invocations=78 (full 0):
 garbage-first heap   total 225280K, used 157335K [0x0000000080000000, 0x0000000100000000)
  region size 1024K, 11 young (11264K), 2 survivors (2048K)
 Metaspace       used 131334K, capacity 134945K, committed 135292K, reserved 1167360K
  class space    used 16356K, capacity 17715K, committed 17920K, reserved 1048576K
}
Event: 2804.892 GC heap after
{Heap after GC invocations=79 (full 0):
 garbage-first heap   total 225280K, used 151482K [0x0000000080000000, 0x0000000100000000)
  region size 1024K, 2 young (2048K), 2 survivors (2048K)
 Metaspace       used 131334K, capacity 134945K, committed 135292K, reserved 1167360K
  class space    used 16356K, capacity 17715K, committed 17920K, reserved 1048576K
}
Event: 2805.178 GC heap before
{Heap before GC invocations=79 (full 0):
 garbage-first heap   total 225280K, used 188346K [0x0000000080000000, 0x0000000100000000)
  region size 1024K, 39 young (39936K), 2 survivors (2048K)
 Metaspace       used 132216K, capacity 135868K, committed 136188K, reserved 1167360K
  class space    used 16555K, capacity 17931K, committed 18048K, reserved 1048576K
}
Event: 2805.226 GC heap after
{Heap after GC invocations=80 (full 0):
 garbage-first heap   total 225280K, used 160185K [0x0000000080000000, 0x0000000100000000)
  region size 1024K, 5 young (5120K), 5 survivors (5120K)
 Metaspace       used 132216K, capacity 135868K, committed 136188K, reserved 1167360K
  class space    used 16555K, capacity 17931K, committed 18048K, reserved 1048576K
}
Event: 2805.928 GC heap before
{Heap before GC invocations=81 (full 0):
 garbage-first heap   total 225280K, used 207289K [0x0000000080000000, 0x0000000100000000)
  region size 1024K, 33 young (33792K), 5 survivors (5120K)
 Metaspace       used 133557K, capacity 137324K, committed 137596K, reserved 1169408K
  class space    used 16716K, capacity 18106K, committed 18176K, reserved 1048576K
}
Event: 2805.944 GC heap after
{Heap after GC invocations=82 (full 0):
 garbage-first heap   total 272384K, used 159947K [0x0000000080000000, 0x0000000100000000)
  region size 1024K, 2 young (2048K), 2 survivors (2048K)
 Metaspace       used 133557K, capacity 137324K, committed 137596K, reserved 1169408K
  class space    used 16716K, capacity 18106K, committed 18176K, reserved 1048576K
}

