# JRE version: OpenJDK Runtime Environment (11.0.11+9) (build 11.0.11+9-b60-7590822)
# Java VM: OpenJDK 64-Bit Server VM (11.0.11+9-b60-7590822, mixed mode, tiered, compressed oops, g1 gc, windows-amd64)
Heap:
 garbage-first heap   total 303104K, used 135029K [0x0000000080000000, 0x0000000100000000)
  region size 1024K, 3 young (3072K), 3 survivors (3072K)
 Metaspace       used 142120K, capacity 146528K, committed 147196K, reserved 1177600K
  class space    used 17602K, capacity 19176K, committed 19584K, reserved 1048576K
GC Heap History (20 events):
Event: 2093.510 GC heap after
{Heap after GC invocations=118 (full 0):
 garbage-first heap   total 225280K, used 143835K [0x0000000080000000, 0x0000000100000000)
  region size 1024K, 2 young (2048K), 2 survivors (2048K)
 Metaspace       used 141364K, capacity 145723K, committed 146300K, reserved 1175552K
  class space    used 17578K, capacity 19171K, committed 19456K, reserved 1048576K
}
Event: 2093.632 GC heap before
{Heap before GC invocations=118 (full 0):
 garbage-first heap   total 225280K, used 151003K [0x0000000080000000, 0x0000000100000000)
  region size 1024K, 11 young (11264K), 2 survivors (2048K)
 Metaspace       used 141366K, capacity 145723K, committed 146300K, reserved 1175552K
  class space    used 17578K, capacity 19171K, committed 19456K, reserved 1048576K
}
Event: 2093.645 GC heap after
{Heap after GC invocations=119 (full 0):
 garbage-first heap   total 225280K, used 151371K [0x0000000080000000, 0x0000000100000000)
  region size 1024K, 4 young (4096K), 4 survivors (4096K)
 Metaspace       used 141366K, capacity 145723K, committed 146300K, reserved 1175552K
  class space    used 17578K, capacity 19171K, committed 19456K, reserved 1048576K
}
Event: 2093.918 GC heap before
{Heap before GC invocations=119 (full 0):
 garbage-first heap   total 225280K, used 188235K [0x0000000080000000, 0x0000000100000000)
  region size 1024K, 24 young (24576K), 4 survivors (4096K)
 Metaspace       used 141460K, capacity 145854K, committed 146300K, reserved 1175552K
  class space    used 17568K, capacity 19147K, committed 19456K, reserved 1048576K
}
Event: 2093.928 GC heap after
{Heap after GC invocations=120 (full 0):
 garbage-first heap   total 225280K, used 152322K [0x0000000080000000, 0x0000000100000000)
  region size 1024K, 2 young (2048K), 2 survivors (2048K)
 Metaspace       used 141460K, capacity 145854K, committed 146300K, reserved 1175552K
  class space    used 17568K, capacity 19147K, committed 19456K, reserved 1048576K
}
Event: 2094.016 GC heap before
{Heap before GC invocations=121 (full 0):
 garbage-first heap   total 225280K, used 173826K [0x0000000080000000, 0x0000000100000000)
  region size 1024K, 23 young (23552K), 2 survivors (2048K)
 Metaspace       used 141469K, capacity 145854K, committed 146300K, reserved 1175552K
  class space    used 17568K, capacity 19147K, committed 19456K, reserved 1048576K
}
Event: 2094.024 GC heap after
{Heap after GC invocations=122 (full 0):
 garbage-first heap   total 225280K, used 156215K [0x0000000080000000, 0x0000000100000000)
  region size 1024K, 3 young (3072K), 3 survivors (3072K)
 Metaspace       used 141469K, capacity 145854K, committed 146300K, reserved 1175552K
  class space    used 17568K, capacity 19147K, committed 19456K, reserved 1048576K
}
Event: 2094.069 GC heap before
{Heap before GC invocations=122 (full 0):
 garbage-first heap   total 225280K, used 163383K [0x0000000080000000, 0x0000000100000000)
  region size 1024K, 11 young (11264K), 3 survivors (3072K)
 Metaspace       used 141526K, capacity 145930K, committed 146556K, reserved 1177600K
  class space    used 17569K, capacity 19149K, committed 19456K, reserved 1048576K
}
Event: 2094.086 GC heap after
{Heap after GC invocations=123 (full 0):
 garbage-first heap   total 225280K, used 153124K [0x0000000080000000, 0x0000000100000000)
  region size 1024K, 2 young (2048K), 2 survivors (2048K)
 Metaspace       used 141526K, capacity 145930K, committed 146556K, reserved 1177600K
  class space    used 17569K, capacity 19149K, committed 19456K, reserved 1048576K
}
Event: 2095.068 GC heap before
{Heap before GC invocations=123 (full 0):
 garbage-first heap   total 225280K, used 175652K [0x0000000080000000, 0x0000000100000000)
  region size 1024K, 25 young (25600K), 2 survivors (2048K)
 Metaspace       used 141537K, capacity 145932K, committed 146556K, reserved 1177600K
  class space    used 17569K, capacity 19149K, committed 19456K, reserved 1048576K
}
Event: 2095.076 GC heap after
{Heap after GC invocations=124 (full 0):
 garbage-first heap   total 225280K, used 156068K [0x0000000080000000, 0x0000000100000000)
  region size 1024K, 4 young (4096K), 4 survivors (4096K)
 Metaspace       used 141537K, capacity 145932K, committed 146556K, reserved 1177600K
  class space    used 17569K, capacity 19149K, committed 19456K, reserved 1048576K
}
Event: 2095.153 GC heap before
{Heap before GC invocations=124 (full 0):
 garbage-first heap   total 225280K, used 178596K [0x0000000080000000, 0x0000000100000000)
  region size 1024K, 27 young (27648K), 4 survivors (4096K)
 Metaspace       used 141548K, capacity 145932K, committed 146556K, reserved 1177600K
  class space    used 17569K, capacity 19149K, committed 19456K, reserved 1048576K
}
Event: 2095.159 GC heap after
{Heap after GC invocations=125 (full 0):
 garbage-first heap   total 225280K, used 158387K [0x0000000080000000, 0x0000000100000000)
  region size 1024K, 4 young (4096K), 4 survivors (4096K)
 Metaspace       used 141548K, capacity 145932K, committed 146556K, reserved 1177600K
  class space    used 17569K, capacity 19149K, committed 19456K, reserved 1048576K
}
Event: 2095.320 GC heap before
{Heap before GC invocations=125 (full 0):
 garbage-first heap   total 225280K, used 169651K [0x0000000080000000, 0x0000000100000000)
  region size 1024K, 27 young (27648K), 4 survivors (4096K)
 Metaspace       used 141524K, capacity 145890K, committed 146556K, reserved 1177600K
  class space    used 17562K, capacity 19135K, committed 19456K, reserved 1048576K
}
Event: 2095.324 GC heap after
{Heap after GC invocations=126 (full 0):
 garbage-first heap   total 225280K, used 144388K [0x0000000080000000, 0x0000000100000000)
  region size 1024K, 1 young (1024K), 1 survivors (1024K)
 Metaspace       used 141524K, capacity 145890K, committed 146556K, reserved 1177600K
  class space    used 17562K, capacity 19135K, committed 19456K, reserved 1048576K
}
Event: 2099.070 GC heap before
{Heap before GC invocations=127 (full 0):
 garbage-first heap   total 225280K, used 176132K [0x0000000080000000, 0x0000000100000000)
  region size 1024K, 33 young (33792K), 1 survivors (1024K)
 Metaspace       used 141584K, capacity 145958K, committed 146556K, reserved 1177600K
  class space    used 17567K, capacity 19136K, committed 19456K, reserved 1048576K
}
Event: 2099.074 GC heap after
{Heap after GC invocations=128 (full 0):
 garbage-first heap   total 225280K, used 144408K [0x0000000080000000, 0x0000000100000000)
  region size 1024K, 1 young (1024K), 1 survivors (1024K)
 Metaspace       used 141584K, capacity 145958K, committed 146556K, reserved 1177600K
  class space    used 17567K, capacity 19136K, committed 19456K, reserved 1048576K
}
Event: 2099.127 GC heap before
{Heap before GC invocations=128 (full 0):
 garbage-first heap   total 225280K, used 153624K [0x0000000080000000, 0x0000000100000000)
  region size 1024K, 11 young (11264K), 1 survivors (1024K)
 Metaspace       used 141584K, capacity 145958K, committed 146556K, reserved 1177600K
  class space    used 17567K, capacity 19136K, committed 19456K, reserved 1048576K
}
Event: 2099.138 GC heap after
{Heap after GC invocations=129 (full 0):
 garbage-first heap   total 225280K, used 134375K [0x0000000080000000, 0x0000000100000000)
  region size 1024K, 2 young (2048K), 2 survivors (2048K)
 Metaspace       used 141584K, capacity 145958K, committed 146556K, reserved 1177600K
  class space    used 17567K, capacity 19136K, committed 19456K, reserved 1048576K
}
Event: 2099.344 GC heap before
{Heap before GC invocations=129 (full 0):
 garbage-first heap   total 225280K, used 173287K [0x0000000080000000, 0x0000000100000000)
  region size 1024K, 41 young (41984K), 2 survivors (2048K)
 Metaspace       used 142120K, capacity 146528K, committed 147196K, reserved 1177600K
  class space    used 17602K, capacity 19176K, committed 19584K, reserved 1048576K
}

