# JRE version: OpenJDK Runtime Environment (11.0.11+9) (build 11.0.11+9-b60-7590822)
# Java VM: OpenJDK 64-Bit Server VM (11.0.11+9-b60-7590822, mixed mode, tiered, compressed oops, g1 gc, windows-amd64)
Heap:
 garbage-first heap   total 155648K, used 66560K [0x0000000083000000, 0x0000000100000000)
  region size 1024K, 24 young (24576K), 7 survivors (7168K)
 Metaspace       used 62617K, capacity 63450K, committed 63748K, reserved 1105920K
  class space    used 7290K, capacity 7620K, committed 7764K, reserved 1048576K
GC Heap History (16 events):
Event: 0.426 GC heap before
{Heap before GC invocations=0 (full 0):
 garbage-first heap   total 129024K, used 27648K [0x0000000083000000, 0x0000000100000000)
  region size 1024K, 24 young (24576K), 0 survivors (0K)
 Metaspace       used 12357K, capacity 12504K, committed 12800K, reserved 1060864K
  class space    used 1165K, capacity 1207K, committed 1280K, reserved 1048576K
}
Event: 0.430 GC heap after
{Heap after GC invocations=1 (full 0):
 garbage-first heap   total 129024K, used 5789K [0x0000000083000000, 0x0000000100000000)
  region size 1024K, 3 young (3072K), 3 survivors (3072K)
 Metaspace       used 12357K, capacity 12504K, committed 12800K, reserved 1060864K
  class space    used 1165K, capacity 1207K, committed 1280K, reserved 1048576K
}
Event: 0.914 GC heap before
{Heap before GC invocations=1 (full 0):
 garbage-first heap   total 129024K, used 41629K [0x0000000083000000, 0x0000000100000000)
  region size 1024K, 39 young (39936K), 3 survivors (3072K)
 Metaspace       used 20938K, capacity 21178K, committed 21296K, reserved 1069056K
  class space    used 2278K, capacity 2379K, committed 2432K, reserved 1048576K
}
Event: 0.920 GC heap after
{Heap after GC invocations=2 (full 0):
 garbage-first heap   total 129024K, used 9441K [0x0000000083000000, 0x0000000100000000)
  region size 1024K, 7 young (7168K), 7 survivors (7168K)
 Metaspace       used 20938K, capacity 21178K, committed 21296K, reserved 1069056K
  class space    used 2278K, capacity 2379K, committed 2432K, reserved 1048576K
}
Event: 1.504 GC heap before
{Heap before GC invocations=3 (full 0):
 garbage-first heap   total 129024K, used 65761K [0x0000000083000000, 0x0000000100000000)
  region size 1024K, 57 young (58368K), 7 survivors (7168K)
 Metaspace       used 32208K, capacity 32749K, committed 32944K, reserved 1079296K
  class space    used 3846K, capacity 4037K, committed 4096K, reserved 1048576K
}
Event: 1.517 GC heap after
{Heap after GC invocations=4 (full 0):
 garbage-first heap   total 129024K, used 21183K [0x0000000083000000, 0x0000000100000000)
  region size 1024K, 8 young (8192K), 8 survivors (8192K)
 Metaspace       used 32208K, capacity 32749K, committed 32944K, reserved 1079296K
  class space    used 3846K, capacity 4037K, committed 4096K, reserved 1048576K
}
Event: 1.670 GC heap before
{Heap before GC invocations=4 (full 0):
 garbage-first heap   total 129024K, used 31423K [0x0000000083000000, 0x0000000100000000)
  region size 1024K, 19 young (19456K), 8 survivors (8192K)
 Metaspace       used 35283K, capacity 35730K, committed 35920K, reserved 1081344K
  class space    used 4405K, capacity 4583K, committed 4608K, reserved 1048576K
}
Event: 1.678 GC heap after
{Heap after GC invocations=5 (full 0):
 garbage-first heap   total 129024K, used 22528K [0x0000000083000000, 0x0000000100000000)
  region size 1024K, 1 young (1024K), 1 survivors (1024K)
 Metaspace       used 35283K, capacity 35730K, committed 35920K, reserved 1081344K
  class space    used 4405K, capacity 4583K, committed 4608K, reserved 1048576K
}
Event: 2.129 GC heap before
{Heap before GC invocations=6 (full 0):
 garbage-first heap   total 129024K, used 66560K [0x0000000083000000, 0x0000000100000000)
  region size 1024K, 44 young (45056K), 1 survivors (1024K)
 Metaspace       used 43434K, capacity 43938K, committed 44336K, reserved 1087488K
  class space    used 5206K, capacity 5398K, committed 5504K, reserved 1048576K
}
Event: 2.134 GC heap after
{Heap after GC invocations=7 (full 0):
 garbage-first heap   total 155648K, used 24244K [0x0000000083000000, 0x0000000100000000)
  region size 1024K, 5 young (5120K), 5 survivors (5120K)
 Metaspace       used 43434K, capacity 43938K, committed 44336K, reserved 1087488K
  class space    used 5206K, capacity 5398K, committed 5504K, reserved 1048576K
}
Event: 2.696 GC heap before
{Heap before GC invocations=7 (full 0):
 garbage-first heap   total 155648K, used 86708K [0x0000000083000000, 0x0000000100000000)
  region size 1024K, 63 young (64512K), 5 survivors (5120K)
 Metaspace       used 49012K, capacity 49536K, committed 49712K, reserved 1093632K
  class space    used 5762K, capacity 5978K, committed 6016K, reserved 1048576K
}
Event: 2.704 GC heap after
{Heap after GC invocations=8 (full 0):
 garbage-first heap   total 155648K, used 33109K [0x0000000083000000, 0x0000000100000000)
  region size 1024K, 7 young (7168K), 7 survivors (7168K)
 Metaspace       used 49012K, capacity 49536K, committed 49712K, reserved 1093632K
  class space    used 5762K, capacity 5978K, committed 6016K, reserved 1048576K
}
Event: 3.603 GC heap before
{Heap before GC invocations=8 (full 0):
 garbage-first heap   total 155648K, used 92501K [0x0000000083000000, 0x0000000100000000)
  region size 1024K, 65 young (66560K), 7 survivors (7168K)
 Metaspace       used 56865K, capacity 57502K, committed 57776K, reserved 1099776K
  class space    used 6622K, capacity 6884K, committed 6912K, reserved 1048576K
}
Event: 3.618 GC heap after
{Heap after GC invocations=9 (full 0):
 garbage-first heap   total 155648K, used 42861K [0x0000000083000000, 0x0000000100000000)
  region size 1024K, 9 young (9216K), 9 survivors (9216K)
 Metaspace       used 56865K, capacity 57502K, committed 57776K, reserved 1099776K
  class space    used 6622K, capacity 6884K, committed 6912K, reserved 1048576K
}
Event: 4.179 GC heap before
{Heap before GC invocations=9 (full 0):
 garbage-first heap   total 155648K, used 87917K [0x0000000083000000, 0x0000000100000000)
  region size 1024K, 54 young (55296K), 9 survivors (9216K)
 Metaspace       used 59654K, capacity 60304K, committed 60420K, reserved 1101824K
  class space    used 6913K, capacity 7195K, committed 7252K, reserved 1048576K
}
Event: 4.201 GC heap after
{Heap after GC invocations=10 (full 0):
 garbage-first heap   total 155648K, used 50176K [0x0000000083000000, 0x0000000100000000)
  region size 1024K, 7 young (7168K), 7 survivors (7168K)
 Metaspace       used 59654K, capacity 60304K, committed 60420K, reserved 1101824K
  class space    used 6913K, capacity 7195K, committed 7252K, reserved 1048576K
}

