# JRE version: OpenJDK Runtime Environment (11.0.11+9) (build 11.0.11+9-b60-7590822)
# Java VM: OpenJDK 64-Bit Server VM (11.0.11+9-b60-7590822, mixed mode, tiered, compressed oops, g1 gc, windows-amd64)
Heap:
 garbage-first heap   total 225280K, used 156972K [0x0000000080000000, 0x0000000100000000)
  region size 1024K, 51 young (52224K), 10 survivors (10240K)
 Metaspace       used 102812K, capacity 105610K, committed 105680K, reserved 1140736K
  class space    used 13341K, capacity 14336K, committed 14336K, reserved 1048576K
GC Heap History (20 events):
Event: 14.221 GC heap before
{Heap before GC invocations=27 (full 0):
 garbage-first heap   total 155648K, used 123776K [0x0000000080000000, 0x0000000100000000)
  region size 1024K, 47 young (48128K), 6 survivors (6144K)
 Metaspace       used 86334K, capacity 88637K, committed 88912K, reserved 1126400K
  class space    used 11273K, capacity 12096K, committed 12160K, reserved 1048576K
}
Event: 14.227 GC heap after
{Heap after GC invocations=28 (full 0):
 garbage-first heap   total 155648K, used 85622K [0x0000000080000000, 0x0000000100000000)
  region size 1024K, 5 young (5120K), 5 survivors (5120K)
 Metaspace       used 86334K, capacity 88637K, committed 88912K, reserved 1126400K
  class space    used 11273K, capacity 12096K, committed 12160K, reserved 1048576K
}
Event: 14.538 GC heap before
{Heap before GC invocations=28 (full 0):
 garbage-first heap   total 155648K, used 124534K [0x0000000080000000, 0x0000000100000000)
  region size 1024K, 44 young (45056K), 5 survivors (5120K)
 Metaspace       used 86665K, capacity 88979K, committed 89168K, reserved 1126400K
  class space    used 11291K, capacity 12109K, committed 12160K, reserved 1048576K
}
Event: 14.547 GC heap after
{Heap after GC invocations=29 (full 0):
 garbage-first heap   total 155648K, used 88582K [0x0000000080000000, 0x0000000100000000)
  region size 1024K, 5 young (5120K), 5 survivors (5120K)
 Metaspace       used 86665K, capacity 88979K, committed 89168K, reserved 1126400K
  class space    used 11291K, capacity 12109K, committed 12160K, reserved 1048576K
}
Event: 14.852 GC heap before
{Heap before GC invocations=30 (full 0):
 garbage-first heap   total 155648K, used 125446K [0x0000000080000000, 0x0000000100000000)
  region size 1024K, 42 young (43008K), 5 survivors (5120K)
 Metaspace       used 86763K, capacity 88935K, committed 89424K, reserved 1126400K
  class space    used 11230K, capacity 11989K, committed 12160K, reserved 1048576K
}
Event: 14.859 GC heap after
{Heap after GC invocations=31 (full 0):
 garbage-first heap   total 187392K, used 91632K [0x0000000080000000, 0x0000000100000000)
  region size 1024K, 5 young (5120K), 5 survivors (5120K)
 Metaspace       used 86763K, capacity 88935K, committed 89424K, reserved 1126400K
  class space    used 11230K, capacity 11989K, committed 12160K, reserved 1048576K
}
Event: 15.148 GC heap before
{Heap before GC invocations=31 (full 0):
 garbage-first heap   total 187392K, used 146928K [0x0000000080000000, 0x0000000100000000)
  region size 1024K, 60 young (61440K), 5 survivors (5120K)
 Metaspace       used 86921K, capacity 89090K, committed 89808K, reserved 1126400K
  class space    used 11243K, capacity 12032K, committed 12288K, reserved 1048576K
}
Event: 15.158 GC heap after
{Heap after GC invocations=32 (full 0):
 garbage-first heap   total 187392K, used 95451K [0x0000000080000000, 0x0000000100000000)
  region size 1024K, 8 young (8192K), 8 survivors (8192K)
 Metaspace       used 86921K, capacity 89090K, committed 89808K, reserved 1126400K
  class space    used 11243K, capacity 12032K, committed 12288K, reserved 1048576K
}
Event: 15.660 GC heap before
{Heap before GC invocations=33 (full 0):
 garbage-first heap   total 187392K, used 148699K [0x0000000080000000, 0x0000000100000000)
  region size 1024K, 61 young (62464K), 8 survivors (8192K)
 Metaspace       used 88689K, capacity 90800K, committed 91216K, reserved 1128448K
  class space    used 11500K, capacity 12258K, committed 12416K, reserved 1048576K
}
Event: 15.669 GC heap after
{Heap after GC invocations=34 (full 0):
 garbage-first heap   total 187392K, used 98014K [0x0000000080000000, 0x0000000100000000)
  region size 1024K, 4 young (4096K), 4 survivors (4096K)
 Metaspace       used 88689K, capacity 90800K, committed 91216K, reserved 1128448K
  class space    used 11500K, capacity 12258K, committed 12416K, reserved 1048576K
}
Event: 16.346 GC heap before
{Heap before GC invocations=34 (full 0):
 garbage-first heap   total 187392K, used 152286K [0x0000000080000000, 0x0000000100000000)
  region size 1024K, 57 young (58368K), 4 survivors (4096K)
 Metaspace       used 92596K, capacity 94767K, committed 95312K, reserved 1132544K
  class space    used 11960K, capacity 12746K, committed 12928K, reserved 1048576K
}
Event: 16.360 GC heap after
{Heap after GC invocations=35 (full 0):
 garbage-first heap   total 187392K, used 100920K [0x0000000080000000, 0x0000000100000000)
  region size 1024K, 7 young (7168K), 7 survivors (7168K)
 Metaspace       used 92596K, capacity 94767K, committed 95312K, reserved 1132544K
  class space    used 11960K, capacity 12746K, committed 12928K, reserved 1048576K
}
Event: 17.045 GC heap before
{Heap before GC invocations=36 (full 0):
 garbage-first heap   total 187392K, used 153144K [0x0000000080000000, 0x0000000100000000)
  region size 1024K, 59 young (60416K), 7 survivors (7168K)
 Metaspace       used 93856K, capacity 96109K, committed 96464K, reserved 1132544K
  class space    used 12122K, capacity 12896K, committed 13056K, reserved 1048576K
}
Event: 17.054 GC heap after
{Heap after GC invocations=37 (full 0):
 garbage-first heap   total 187392K, used 103757K [0x0000000080000000, 0x0000000100000000)
  region size 1024K, 7 young (7168K), 7 survivors (7168K)
 Metaspace       used 93856K, capacity 96109K, committed 96464K, reserved 1132544K
  class space    used 12122K, capacity 12896K, committed 13056K, reserved 1048576K
}
Event: 17.258 GC heap before
{Heap before GC invocations=37 (full 0):
 garbage-first heap   total 187392K, used 153933K [0x0000000080000000, 0x0000000100000000)
  region size 1024K, 57 young (58368K), 7 survivors (7168K)
 Metaspace       used 94623K, capacity 96842K, committed 97104K, reserved 1132544K
  class space    used 12218K, capacity 13011K, committed 13184K, reserved 1048576K
}
Event: 17.268 GC heap after
{Heap after GC invocations=38 (full 0):
 garbage-first heap   total 225280K, used 107290K [0x0000000080000000, 0x0000000100000000)
  region size 1024K, 7 young (7168K), 7 survivors (7168K)
 Metaspace       used 94623K, capacity 96842K, committed 97104K, reserved 1132544K
  class space    used 12218K, capacity 13011K, committed 13184K, reserved 1048576K
}
Event: 23.961 GC heap before
{Heap before GC invocations=39 (full 0):
 garbage-first heap   total 225280K, used 173850K [0x0000000080000000, 0x0000000100000000)
  region size 1024K, 73 young (74752K), 7 survivors (7168K)
 Metaspace       used 95827K, capacity 98258K, committed 98512K, reserved 1134592K
  class space    used 12418K, capacity 13278K, committed 13312K, reserved 1048576K
}
Event: 23.968 GC heap after
{Heap after GC invocations=40 (full 0):
 garbage-first heap   total 225280K, used 110786K [0x0000000080000000, 0x0000000100000000)
  region size 1024K, 8 young (8192K), 8 survivors (8192K)
 Metaspace       used 95827K, capacity 98258K, committed 98512K, reserved 1134592K
  class space    used 12418K, capacity 13278K, committed 13312K, reserved 1048576K
}
Event: 35.610 GC heap before
{Heap before GC invocations=40 (full 0):
 garbage-first heap   total 225280K, used 158914K [0x0000000080000000, 0x0000000100000000)
  region size 1024K, 57 young (58368K), 8 survivors (8192K)
 Metaspace       used 97338K, capacity 99877K, committed 100048K, reserved 1136640K
  class space    used 12561K, capacity 13473K, committed 13568K, reserved 1048576K
}
Event: 35.617 GC heap after
{Heap after GC invocations=41 (full 0):
 garbage-first heap   total 225280K, used 114988K [0x0000000080000000, 0x0000000100000000)
  region size 1024K, 10 young (10240K), 10 survivors (10240K)
 Metaspace       used 97338K, capacity 99877K, committed 100048K, reserved 1136640K
  class space    used 12561K, capacity 13473K, committed 13568K, reserved 1048576K
}

