# JRE version: OpenJDK Runtime Environment (11.0.11+9) (build 11.0.11+9-b60-7590822)
# Java VM: OpenJDK 64-Bit Server VM (11.0.11+9-b60-7590822, mixed mode, tiered, compressed oops, g1 gc, windows-amd64)
Heap:
 garbage-first heap   total 187392K, used 121489K [0x0000000080000000, 0x0000000100000000)
  region size 1024K, 61 young (62464K), 11 survivors (11264K)
 Metaspace       used 81027K, capacity 82961K, committed 83276K, reserved 1122304K
  class space    used 10543K, capacity 11225K, committed 11340K, reserved 1048576K
GC Heap History (20 events):
Event: 2.780 GC heap before
{Heap before GC invocations=5 (full 0):
 garbage-first heap   total 129024K, used 70097K [0x0000000080000000, 0x0000000100000000)
  region size 1024K, 56 young (57344K), 5 survivors (5120K)
 Metaspace       used 26047K, capacity 26704K, committed 27008K, reserved 1073152K
  class space    used 3404K, capacity 3617K, committed 3712K, reserved 1048576K
}
Event: 2.786 GC heap after
{Heap after GC invocations=6 (full 0):
 garbage-first heap   total 129024K, used 19796K [0x0000000080000000, 0x0000000100000000)
  region size 1024K, 3 young (3072K), 3 survivors (3072K)
 Metaspace       used 26047K, capacity 26704K, committed 27008K, reserved 1073152K
  class space    used 3404K, capacity 3617K, committed 3712K, reserved 1048576K
}
Event: 3.607 GC heap before
{Heap before GC invocations=6 (full 0):
 garbage-first heap   total 129024K, used 77140K [0x0000000080000000, 0x0000000100000000)
  region size 1024K, 59 young (60416K), 3 survivors (3072K)
 Metaspace       used 34625K, capacity 35369K, committed 35584K, reserved 1079296K
  class space    used 4497K, capacity 4809K, committed 4864K, reserved 1048576K
}
Event: 3.613 GC heap after
{Heap after GC invocations=7 (full 0):
 garbage-first heap   total 155648K, used 22941K [0x0000000080000000, 0x0000000100000000)
  region size 1024K, 7 young (7168K), 7 survivors (7168K)
 Metaspace       used 34625K, capacity 35369K, committed 35584K, reserved 1079296K
  class space    used 4497K, capacity 4809K, committed 4864K, reserved 1048576K
}
Event: 3.659 GC heap before
{Heap before GC invocations=7 (full 0):
 garbage-first heap   total 155648K, used 24989K [0x0000000080000000, 0x0000000100000000)
  region size 1024K, 10 young (10240K), 7 survivors (7168K)
 Metaspace       used 35051K, capacity 35786K, committed 35840K, reserved 1081344K
  class space    used 4554K, capacity 4863K, committed 4864K, reserved 1048576K
}
Event: 3.669 GC heap after
{Heap after GC invocations=8 (full 0):
 garbage-first heap   total 155648K, used 23206K [0x0000000080000000, 0x0000000100000000)
  region size 1024K, 4 young (4096K), 4 survivors (4096K)
 Metaspace       used 35051K, capacity 35786K, committed 35840K, reserved 1081344K
  class space    used 4554K, capacity 4863K, committed 4864K, reserved 1048576K
}
Event: 4.595 GC heap before
{Heap before GC invocations=9 (full 0):
 garbage-first heap   total 155648K, used 97958K [0x0000000080000000, 0x0000000100000000)
  region size 1024K, 75 young (76800K), 4 survivors (4096K)
 Metaspace       used 40260K, capacity 41279K, committed 41420K, reserved 1085440K
  class space    used 5148K, capacity 5476K, committed 5580K, reserved 1048576K
}
Event: 4.604 GC heap after
{Heap after GC invocations=10 (full 0):
 garbage-first heap   total 155648K, used 29057K [0x0000000080000000, 0x0000000100000000)
  region size 1024K, 10 young (10240K), 10 survivors (10240K)
 Metaspace       used 40260K, capacity 41279K, committed 41420K, reserved 1085440K
  class space    used 5148K, capacity 5476K, committed 5580K, reserved 1048576K
}
Event: 5.498 GC heap before
{Heap before GC invocations=10 (full 0):
 garbage-first heap   total 155648K, used 104833K [0x0000000080000000, 0x0000000100000000)
  region size 1024K, 84 young (86016K), 10 survivors (10240K)
 Metaspace       used 46851K, capacity 48196K, committed 48332K, reserved 1091584K
  class space    used 6038K, capacity 6476K, committed 6604K, reserved 1048576K
}
Event: 5.509 GC heap after
{Heap after GC invocations=11 (full 0):
 garbage-first heap   total 155648K, used 31446K [0x0000000080000000, 0x0000000100000000)
  region size 1024K, 9 young (9216K), 9 survivors (9216K)
 Metaspace       used 46851K, capacity 48196K, committed 48332K, reserved 1091584K
  class space    used 6038K, capacity 6476K, committed 6604K, reserved 1048576K
}
Event: 6.430 GC heap before
{Heap before GC invocations=11 (full 0):
 garbage-first heap   total 155648K, used 123606K [0x0000000080000000, 0x0000000100000000)
  region size 1024K, 91 young (93184K), 9 survivors (9216K)
 Metaspace       used 50349K, capacity 51884K, committed 52044K, reserved 1093632K
  class space    used 6432K, capacity 6938K, committed 6988K, reserved 1048576K
}
Event: 6.444 GC heap after
{Heap after GC invocations=12 (full 0):
 garbage-first heap   total 187392K, used 52357K [0x0000000080000000, 0x0000000100000000)
  region size 1024K, 12 young (12288K), 12 survivors (12288K)
 Metaspace       used 50349K, capacity 51884K, committed 52044K, reserved 1093632K
  class space    used 6432K, capacity 6938K, committed 6988K, reserved 1048576K
}
Event: 7.329 GC heap before
{Heap before GC invocations=12 (full 0):
 garbage-first heap   total 187392K, used 109701K [0x0000000080000000, 0x0000000100000000)
  region size 1024K, 69 young (70656K), 12 survivors (12288K)
 Metaspace       used 58651K, capacity 60213K, committed 60236K, reserved 1101824K
  class space    used 7462K, capacity 8004K, committed 8012K, reserved 1048576K
}
Event: 7.345 GC heap after
{Heap after GC invocations=13 (full 0):
 garbage-first heap   total 187392K, used 56320K [0x0000000080000000, 0x0000000100000000)
  region size 1024K, 3 young (3072K), 3 survivors (3072K)
 Metaspace       used 58651K, capacity 60213K, committed 60236K, reserved 1101824K
  class space    used 7462K, capacity 8004K, committed 8012K, reserved 1048576K
}
Event: 8.388 GC heap before
{Heap before GC invocations=14 (full 0):
 garbage-first heap   total 187392K, used 131072K [0x0000000080000000, 0x0000000100000000)
  region size 1024K, 76 young (77824K), 3 survivors (3072K)
 Metaspace       used 65719K, capacity 67392K, committed 67660K, reserved 1107968K
  class space    used 8353K, capacity 8934K, committed 9036K, reserved 1048576K
}
Event: 8.398 GC heap after
{Heap after GC invocations=15 (full 0):
 garbage-first heap   total 187392K, used 60691K [0x0000000080000000, 0x0000000100000000)
  region size 1024K, 8 young (8192K), 8 survivors (8192K)
 Metaspace       used 65719K, capacity 67392K, committed 67660K, reserved 1107968K
  class space    used 8353K, capacity 8934K, committed 9036K, reserved 1048576K
}
Event: 9.095 GC heap before
{Heap before GC invocations=16 (full 0):
 garbage-first heap   total 187392K, used 135443K [0x0000000080000000, 0x0000000100000000)
  region size 1024K, 81 young (82944K), 8 survivors (8192K)
 Metaspace       used 68637K, capacity 70349K, committed 70604K, reserved 1110016K
  class space    used 8693K, capacity 9274K, committed 9420K, reserved 1048576K
}
Event: 9.107 GC heap after
{Heap after GC invocations=17 (full 0):
 garbage-first heap   total 187392K, used 66200K [0x0000000080000000, 0x0000000100000000)
  region size 1024K, 11 young (11264K), 11 survivors (11264K)
 Metaspace       used 68637K, capacity 70349K, committed 70604K, reserved 1110016K
  class space    used 8693K, capacity 9274K, committed 9420K, reserved 1048576K
}
Event: 10.229 GC heap before
{Heap before GC invocations=17 (full 0):
 garbage-first heap   total 187392K, used 139928K [0x0000000080000000, 0x0000000100000000)
  region size 1024K, 83 young (84992K), 11 survivors (11264K)
 Metaspace       used 76645K, capacity 78437K, committed 78668K, reserved 1118208K
  class space    used 9906K, capacity 10528K, committed 10572K, reserved 1048576K
}
Event: 10.246 GC heap after
{Heap after GC invocations=18 (full 0):
 garbage-first heap   total 187392K, used 71313K [0x0000000080000000, 0x0000000100000000)
  region size 1024K, 11 young (11264K), 11 survivors (11264K)
 Metaspace       used 76645K, capacity 78437K, committed 78668K, reserved 1118208K
  class space    used 9906K, capacity 10528K, committed 10572K, reserved 1048576K
}

