# JRE version: OpenJDK Runtime Environment (11.0.11+9) (build 11.0.11+9-b60-7590822)
# Java VM: OpenJDK 64-Bit Server VM (11.0.11+9-b60-7590822, mixed mode, tiered, compressed oops, g1 gc, windows-amd64)
Heap:
 garbage-first heap   total 187392K, used 138511K [0x0000000080000000, 0x0000000100000000)
  region size 1024K, 78 young (79872K), 10 survivors (10240K)
 Metaspace       used 81627K, capacity 83543K, committed 83708K, reserved 1122304K
  class space    used 10618K, capacity 11290K, committed 11392K, reserved 1048576K
GC Heap History (20 events):
Event: 2.306 GC heap before
{Heap before GC invocations=3 (full 0):
 garbage-first heap   total 129024K, used 34608K [0x0000000080000000, 0x0000000100000000)
  region size 1024K, 26 young (26624K), 7 survivors (7168K)
 Metaspace       used 20621K, capacity 21108K, committed 21296K, reserved 1069056K
  class space    used 2533K, capacity 2660K, committed 2688K, reserved 1048576K
}
Event: 2.313 GC heap after
{Heap after GC invocations=4 (full 0):
 garbage-first heap   total 129024K, used 17532K [0x0000000080000000, 0x0000000100000000)
  region size 1024K, 5 young (5120K), 5 survivors (5120K)
 Metaspace       used 20621K, capacity 21108K, committed 21296K, reserved 1069056K
  class space    used 2533K, capacity 2660K, committed 2688K, reserved 1048576K
}
Event: 2.909 GC heap before
{Heap before GC invocations=5 (full 0):
 garbage-first heap   total 129024K, used 68732K [0x0000000080000000, 0x0000000100000000)
  region size 1024K, 55 young (56320K), 5 survivors (5120K)
 Metaspace       used 25938K, capacity 26576K, committed 26672K, reserved 1073152K
  class space    used 3392K, capacity 3617K, committed 3712K, reserved 1048576K
}
Event: 2.915 GC heap after
{Heap after GC invocations=6 (full 0):
 garbage-first heap   total 155648K, used 19473K [0x0000000080000000, 0x0000000100000000)
  region size 1024K, 3 young (3072K), 3 survivors (3072K)
 Metaspace       used 25938K, capacity 26576K, committed 26672K, reserved 1073152K
  class space    used 3392K, capacity 3617K, committed 3712K, reserved 1048576K
}
Event: 3.832 GC heap before
{Heap before GC invocations=6 (full 0):
 garbage-first heap   total 155648K, used 79889K [0x0000000080000000, 0x0000000100000000)
  region size 1024K, 63 young (64512K), 3 survivors (3072K)
 Metaspace       used 34876K, capacity 35651K, committed 35708K, reserved 1081344K
  class space    used 4540K, capacity 4861K, committed 4864K, reserved 1048576K
}
Event: 3.845 GC heap after
{Heap after GC invocations=7 (full 0):
 garbage-first heap   total 155648K, used 22939K [0x0000000080000000, 0x0000000100000000)
  region size 1024K, 7 young (7168K), 7 survivors (7168K)
 Metaspace       used 34876K, capacity 35651K, committed 35708K, reserved 1081344K
  class space    used 4540K, capacity 4861K, committed 4864K, reserved 1048576K
}
Event: 4.725 GC heap before
{Heap before GC invocations=8 (full 0):
 garbage-first heap   total 155648K, used 94619K [0x0000000080000000, 0x0000000100000000)
  region size 1024K, 75 young (76800K), 7 survivors (7168K)
 Metaspace       used 39888K, capacity 40945K, committed 41212K, reserved 1085440K
  class space    used 5100K, capacity 5471K, committed 5504K, reserved 1048576K
}
Event: 4.736 GC heap after
{Heap after GC invocations=9 (full 0):
 garbage-first heap   total 155648K, used 28818K [0x0000000080000000, 0x0000000100000000)
  region size 1024K, 10 young (10240K), 10 survivors (10240K)
 Metaspace       used 39888K, capacity 40945K, committed 41212K, reserved 1085440K
  class space    used 5100K, capacity 5471K, committed 5504K, reserved 1048576K
}
Event: 5.769 GC heap before
{Heap before GC invocations=9 (full 0):
 garbage-first heap   total 155648K, used 108690K [0x0000000080000000, 0x0000000100000000)
  region size 1024K, 88 young (90112K), 10 survivors (10240K)
 Metaspace       used 46812K, capacity 48129K, committed 48380K, reserved 1091584K
  class space    used 6036K, capacity 6475K, committed 6528K, reserved 1048576K
}
Event: 5.782 GC heap after
{Heap after GC invocations=10 (full 0):
 garbage-first heap   total 155648K, used 31412K [0x0000000080000000, 0x0000000100000000)
  region size 1024K, 9 young (9216K), 9 survivors (9216K)
 Metaspace       used 46812K, capacity 48129K, committed 48380K, reserved 1091584K
  class space    used 6036K, capacity 6475K, committed 6528K, reserved 1048576K
}
Event: 6.763 GC heap before
{Heap before GC invocations=10 (full 0):
 garbage-first heap   total 155648K, used 122548K [0x0000000080000000, 0x0000000100000000)
  region size 1024K, 90 young (92160K), 9 survivors (9216K)
 Metaspace       used 50635K, capacity 52043K, committed 52220K, reserved 1095680K
  class space    used 6451K, capacity 6928K, committed 7040K, reserved 1048576K
}
Event: 6.777 GC heap after
{Heap after GC invocations=11 (full 0):
 garbage-first heap   total 187392K, used 52528K [0x0000000080000000, 0x0000000100000000)
  region size 1024K, 12 young (12288K), 12 survivors (12288K)
 Metaspace       used 50635K, capacity 52043K, committed 52220K, reserved 1095680K
  class space    used 6451K, capacity 6928K, committed 7040K, reserved 1048576K
}
Event: 7.555 GC heap before
{Heap before GC invocations=11 (full 0):
 garbage-first heap   total 187392K, used 105776K [0x0000000080000000, 0x0000000100000000)
  region size 1024K, 65 young (66560K), 12 survivors (12288K)
 Metaspace       used 58218K, capacity 59771K, committed 59900K, reserved 1101824K
  class space    used 7410K, capacity 7942K, committed 8064K, reserved 1048576K
}
Event: 7.577 GC heap after
{Heap after GC invocations=12 (full 0):
 garbage-first heap   total 187392K, used 55533K [0x0000000080000000, 0x0000000100000000)
  region size 1024K, 3 young (3072K), 3 survivors (3072K)
 Metaspace       used 58218K, capacity 59771K, committed 59900K, reserved 1101824K
  class space    used 7410K, capacity 7942K, committed 8064K, reserved 1048576K
}
Event: 8.670 GC heap before
{Heap before GC invocations=13 (full 0):
 garbage-first heap   total 187392K, used 127213K [0x0000000080000000, 0x0000000100000000)
  region size 1024K, 73 young (74752K), 3 survivors (3072K)
 Metaspace       used 65250K, capacity 66916K, committed 67196K, reserved 1107968K
  class space    used 8286K, capacity 8883K, committed 8960K, reserved 1048576K
}
Event: 8.680 GC heap after
{Heap after GC invocations=14 (full 0):
 garbage-first heap   total 187392K, used 60308K [0x0000000080000000, 0x0000000100000000)
  region size 1024K, 8 young (8192K), 8 survivors (8192K)
 Metaspace       used 65250K, capacity 66916K, committed 67196K, reserved 1107968K
  class space    used 8286K, capacity 8883K, committed 8960K, reserved 1048576K
}
Event: 9.347 GC heap before
{Heap before GC invocations=15 (full 0):
 garbage-first heap   total 187392K, used 133012K [0x0000000080000000, 0x0000000100000000)
  region size 1024K, 79 young (80896K), 8 survivors (8192K)
 Metaspace       used 67754K, capacity 69421K, committed 69500K, reserved 1110016K
  class space    used 8589K, capacity 9178K, committed 9216K, reserved 1048576K
}
Event: 9.356 GC heap after
{Heap after GC invocations=16 (full 0):
 garbage-first heap   total 187392K, used 65737K [0x0000000080000000, 0x0000000100000000)
  region size 1024K, 6 young (6144K), 6 survivors (6144K)
 Metaspace       used 67754K, capacity 69421K, committed 69500K, reserved 1110016K
  class space    used 8589K, capacity 9178K, committed 9216K, reserved 1048576K
}
Event: 10.469 GC heap before
{Heap before GC invocations=16 (full 0):
 garbage-first heap   total 187392K, used 137417K [0x0000000080000000, 0x0000000100000000)
  region size 1024K, 76 young (77824K), 6 survivors (6144K)
 Metaspace       used 75898K, capacity 77702K, committed 77948K, reserved 1116160K
  class space    used 9808K, capacity 10438K, committed 10496K, reserved 1048576K
}
Event: 10.479 GC heap after
{Heap after GC invocations=17 (full 0):
 garbage-first heap   total 187392K, used 69903K [0x0000000080000000, 0x0000000100000000)
  region size 1024K, 10 young (10240K), 10 survivors (10240K)
 Metaspace       used 75898K, capacity 77702K, committed 77948K, reserved 1116160K
  class space    used 9808K, capacity 10438K, committed 10496K, reserved 1048576K
}

