# JRE version: OpenJDK Runtime Environment (11.0.11+9) (build 11.0.11+9-b60-7590822)
# Java VM: OpenJDK 64-Bit Server VM (11.0.11+9-b60-7590822, mixed mode, tiered, compressed oops, g1 gc, windows-amd64)
Heap:
 garbage-first heap   total 225280K, used 118081K [0x0000000080000000, 0x0000000100000000)
  region size 1024K, 8 young (8192K), 8 survivors (8192K)
 Metaspace       used 93270K, capacity 95502K, committed 96068K, reserved 1132544K
  class space    used 11993K, capacity 12782K, committed 13080K, reserved 1048576K
GC Heap History (20 events):
Event: 9.255 GC heap after
{Heap after GC invocations=14 (full 0):
 garbage-first heap   total 187392K, used 60654K [0x0000000080000000, 0x0000000100000000)
  region size 1024K, 2 young (2048K), 2 survivors (2048K)
 Metaspace       used 65592K, capacity 67197K, committed 67320K, reserved 1107968K
  class space    used 8335K, capacity 8891K, committed 8908K, reserved 1048576K
}
Event: 10.005 GC heap before
{Heap before GC invocations=15 (full 0):
 garbage-first heap   total 187392K, used 137454K [0x0000000080000000, 0x0000000100000000)
  region size 1024K, 77 young (78848K), 2 survivors (2048K)
 Metaspace       used 68664K, capacity 70350K, committed 70596K, reserved 1110016K
  class space    used 8707K, capacity 9274K, committed 9368K, reserved 1048576K
}
Event: 10.015 GC heap after
{Heap after GC invocations=16 (full 0):
 garbage-first heap   total 187392K, used 65366K [0x0000000080000000, 0x0000000100000000)
  region size 1024K, 7 young (7168K), 7 survivors (7168K)
 Metaspace       used 68664K, capacity 70350K, committed 70596K, reserved 1110016K
  class space    used 8707K, capacity 9274K, committed 9368K, reserved 1048576K
}
Event: 11.220 GC heap before
{Heap before GC invocations=17 (full 0):
 garbage-first heap   total 187392K, used 141142K [0x0000000080000000, 0x0000000100000000)
  region size 1024K, 81 young (82944K), 7 survivors (7168K)
 Metaspace       used 76865K, capacity 78638K, committed 78788K, reserved 1118208K
  class space    used 9948K, capacity 10594K, committed 10648K, reserved 1048576K
}
Event: 11.230 GC heap after
{Heap after GC invocations=18 (full 0):
 garbage-first heap   total 187392K, used 70596K [0x0000000080000000, 0x0000000100000000)
  region size 1024K, 11 young (11264K), 11 survivors (11264K)
 Metaspace       used 76865K, capacity 78638K, committed 78788K, reserved 1118208K
  class space    used 9948K, capacity 10594K, committed 10648K, reserved 1048576K
}
Event: 12.245 GC heap before
{Heap before GC invocations=18 (full 0):
 garbage-first heap   total 187392K, used 144324K [0x0000000080000000, 0x0000000100000000)
  region size 1024K, 83 young (84992K), 11 survivors (11264K)
 Metaspace       used 82910K, capacity 84733K, committed 85060K, reserved 1122304K
  class space    used 10772K, capacity 11429K, committed 11544K, reserved 1048576K
}
Event: 12.259 GC heap after
{Heap after GC invocations=19 (full 0):
 garbage-first heap   total 187392K, used 74642K [0x0000000080000000, 0x0000000100000000)
  region size 1024K, 10 young (10240K), 10 survivors (10240K)
 Metaspace       used 82910K, capacity 84733K, committed 85060K, reserved 1122304K
  class space    used 10772K, capacity 11429K, committed 11544K, reserved 1048576K
}
Event: 13.173 GC heap before
{Heap before GC invocations=19 (full 0):
 garbage-first heap   total 187392K, used 146322K [0x0000000080000000, 0x0000000100000000)
  region size 1024K, 81 young (82944K), 10 survivors (10240K)
 Metaspace       used 86180K, capacity 88505K, committed 88772K, reserved 1126400K
  class space    used 11293K, capacity 12124K, committed 12184K, reserved 1048576K
}
Event: 13.187 GC heap after
{Heap after GC invocations=20 (full 0):
 garbage-first heap   total 187392K, used 81602K [0x0000000080000000, 0x0000000100000000)
  region size 1024K, 11 young (11264K), 11 survivors (11264K)
 Metaspace       used 86180K, capacity 88505K, committed 88772K, reserved 1126400K
  class space    used 11293K, capacity 12124K, committed 12184K, reserved 1048576K
}
Event: 13.563 GC heap before
{Heap before GC invocations=20 (full 0):
 garbage-first heap   total 187392K, used 149186K [0x0000000080000000, 0x0000000100000000)
  region size 1024K, 78 young (79872K), 11 survivors (11264K)
 Metaspace       used 86564K, capacity 88890K, committed 89028K, reserved 1126400K
  class space    used 11301K, capacity 12134K, committed 12184K, reserved 1048576K
}
Event: 13.578 GC heap after
{Heap after GC invocations=21 (full 0):
 garbage-first heap   total 187392K, used 86881K [0x0000000080000000, 0x0000000100000000)
  region size 1024K, 7 young (7168K), 7 survivors (7168K)
 Metaspace       used 86564K, capacity 88890K, committed 89028K, reserved 1126400K
  class space    used 11301K, capacity 12134K, committed 12184K, reserved 1048576K
}
Event: 14.000 GC heap before
{Heap before GC invocations=21 (full 0):
 garbage-first heap   total 187392K, used 150369K [0x0000000080000000, 0x0000000100000000)
  region size 1024K, 70 young (71680K), 7 survivors (7168K)
 Metaspace       used 87151K, capacity 89486K, committed 89668K, reserved 1126400K
  class space    used 11345K, capacity 12183K, committed 12312K, reserved 1048576K
}
Event: 14.009 GC heap after
{Heap after GC invocations=22 (full 0):
 garbage-first heap   total 187392K, used 91643K [0x0000000080000000, 0x0000000100000000)
  region size 1024K, 7 young (7168K), 7 survivors (7168K)
 Metaspace       used 87151K, capacity 89486K, committed 89668K, reserved 1126400K
  class space    used 11345K, capacity 12183K, committed 12312K, reserved 1048576K
}
Event: 14.730 GC heap before
{Heap before GC invocations=22 (full 0):
 garbage-first heap   total 187392K, used 153083K [0x0000000080000000, 0x0000000100000000)
  region size 1024K, 67 young (68608K), 7 survivors (7168K)
 Metaspace       used 90993K, capacity 93477K, committed 93764K, reserved 1130496K
  class space    used 11790K, capacity 12674K, committed 12824K, reserved 1048576K
}
Event: 14.740 GC heap after
{Heap after GC invocations=23 (full 0):
 garbage-first heap   total 187392K, used 93167K [0x0000000080000000, 0x0000000100000000)
  region size 1024K, 2 young (2048K), 2 survivors (2048K)
 Metaspace       used 90993K, capacity 93477K, committed 93764K, reserved 1130496K
  class space    used 11790K, capacity 12674K, committed 12824K, reserved 1048576K
}
Event: 15.358 GC heap before
{Heap before GC invocations=24 (full 0):
 garbage-first heap   total 187392K, used 154607K [0x0000000080000000, 0x0000000100000000)
  region size 1024K, 63 young (64512K), 2 survivors (2048K)
 Metaspace       used 92738K, capacity 94960K, committed 95812K, reserved 1132544K
  class space    used 11940K, capacity 12754K, committed 13080K, reserved 1048576K
}
Event: 15.366 GC heap after
{Heap after GC invocations=25 (full 0):
 garbage-first heap   total 187392K, used 97913K [0x0000000080000000, 0x0000000100000000)
  region size 1024K, 7 young (7168K), 7 survivors (7168K)
 Metaspace       used 92738K, capacity 94960K, committed 95812K, reserved 1132544K
  class space    used 11940K, capacity 12754K, committed 13080K, reserved 1048576K
}
Event: 15.648 GC heap before
{Heap before GC invocations=25 (full 0):
 garbage-first heap   total 187392K, used 154233K [0x0000000080000000, 0x0000000100000000)
  region size 1024K, 63 young (64512K), 7 survivors (7168K)
 Metaspace       used 92803K, capacity 95034K, committed 95812K, reserved 1132544K
  class space    used 11944K, capacity 12756K, committed 13080K, reserved 1048576K
}
Event: 15.660 GC heap after
{Heap after GC invocations=26 (full 0):
 garbage-first heap   total 187392K, used 101173K [0x0000000080000000, 0x0000000100000000)
  region size 1024K, 5 young (5120K), 5 survivors (5120K)
 Metaspace       used 92803K, capacity 95034K, committed 95812K, reserved 1132544K
  class space    used 11944K, capacity 12756K, committed 13080K, reserved 1048576K
}
Event: 15.936 GC heap before
{Heap before GC invocations=27 (full 0):
 garbage-first heap   total 187392K, used 141109K [0x0000000080000000, 0x0000000100000000)
  region size 1024K, 35 young (35840K), 5 survivors (5120K)
 Metaspace       used 93270K, capacity 95502K, committed 96068K, reserved 1132544K
  class space    used 11993K, capacity 12782K, committed 13080K, reserved 1048576K
}

