# JRE version: OpenJDK Runtime Environment (11.0.11+9) (build 11.0.11+9-b60-7590822)
# Java VM: OpenJDK 64-Bit Server VM (11.0.11+9-b60-7590822, mixed mode, tiered, compressed oops, g1 gc, windows-amd64)
Heap:
 garbage-first heap   total 324608K, used 202693K [0x0000000080000000, 0x0000000100000000)
  region size 1024K, 70 young (71680K), 11 survivors (11264K)
 Metaspace       used 133523K, capacity 137754K, committed 138736K, reserved 1169408K
  class space    used 16907K, capacity 18460K, committed 18840K, reserved 1048576K
GC Heap History (20 events):
Event: 232.540 GC heap before
{Heap before GC invocations=48 (full 0):
 garbage-first heap   total 324608K, used 191499K [0x0000000080000000, 0x0000000100000000)
  region size 1024K, 15 young (15360K), 8 survivors (8192K)
 Metaspace       used 106889K, capacity 109488K, committed 109808K, reserved 1144832K
  class space    used 13237K, capacity 14156K, committed 14232K, reserved 1048576K
}
Event: 232.558 GC heap after
{Heap after GC invocations=49 (full 0):
 garbage-first heap   total 324608K, used 144502K [0x0000000080000000, 0x0000000100000000)
  region size 1024K, 2 young (2048K), 2 survivors (2048K)
 Metaspace       used 106889K, capacity 109488K, committed 109808K, reserved 1144832K
  class space    used 13237K, capacity 14156K, committed 14232K, reserved 1048576K
}
Event: 233.731 GC heap before
{Heap before GC invocations=49 (full 0):
 garbage-first heap   total 324608K, used 216182K [0x0000000080000000, 0x0000000100000000)
  region size 1024K, 73 young (74752K), 2 survivors (2048K)
 Metaspace       used 107039K, capacity 109639K, committed 109808K, reserved 1144832K
  class space    used 13241K, capacity 14163K, committed 14232K, reserved 1048576K
}
Event: 233.742 GC heap after
{Heap after GC invocations=50 (full 0):
 garbage-first heap   total 324608K, used 145607K [0x0000000080000000, 0x0000000100000000)
  region size 1024K, 3 young (3072K), 3 survivors (3072K)
 Metaspace       used 107039K, capacity 109639K, committed 109808K, reserved 1144832K
  class space    used 13241K, capacity 14163K, committed 14232K, reserved 1048576K
}
Event: 234.140 GC heap before
{Heap before GC invocations=51 (full 0):
 garbage-first heap   total 324608K, used 214215K [0x0000000080000000, 0x0000000100000000)
  region size 1024K, 83 young (84992K), 3 survivors (3072K)
 Metaspace       used 107176K, capacity 109829K, committed 110064K, reserved 1144832K
  class space    used 13250K, capacity 14180K, committed 14232K, reserved 1048576K
}
Event: 234.149 GC heap after
{Heap after GC invocations=52 (full 0):
 garbage-first heap   total 324608K, used 138358K [0x0000000080000000, 0x0000000100000000)
  region size 1024K, 8 young (8192K), 8 survivors (8192K)
 Metaspace       used 107176K, capacity 109829K, committed 110064K, reserved 1144832K
  class space    used 13250K, capacity 14180K, committed 14232K, reserved 1048576K
}
Event: 234.193 GC heap before
{Heap before GC invocations=52 (full 0):
 garbage-first heap   total 324608K, used 145526K [0x0000000080000000, 0x0000000100000000)
  region size 1024K, 15 young (15360K), 8 survivors (8192K)
 Metaspace       used 107199K, capacity 109830K, committed 110064K, reserved 1144832K
  class space    used 13250K, capacity 14180K, committed 14232K, reserved 1048576K
}
Event: 234.206 GC heap after
{Heap after GC invocations=53 (full 0):
 garbage-first heap   total 324608K, used 128361K [0x0000000080000000, 0x0000000100000000)
  region size 1024K, 2 young (2048K), 2 survivors (2048K)
 Metaspace       used 107199K, capacity 109830K, committed 110064K, reserved 1144832K
  class space    used 13250K, capacity 14180K, committed 14232K, reserved 1048576K
}
Event: 287.735 GC heap before
{Heap before GC invocations=53 (full 0):
 garbage-first heap   total 324608K, used 241001K [0x0000000080000000, 0x0000000100000000)
  region size 1024K, 97 young (99328K), 2 survivors (2048K)
 Metaspace       used 107479K, capacity 110120K, committed 110320K, reserved 1144832K
  class space    used 13254K, capacity 14186K, committed 14232K, reserved 1048576K
}
Event: 287.745 GC heap after
{Heap after GC invocations=54 (full 0):
 garbage-first heap   total 324608K, used 136444K [0x0000000080000000, 0x0000000100000000)
  region size 1024K, 10 young (10240K), 10 survivors (10240K)
 Metaspace       used 107479K, capacity 110120K, committed 110320K, reserved 1144832K
  class space    used 13254K, capacity 14186K, committed 14232K, reserved 1048576K
}
Event: 306.061 GC heap before
{Heap before GC invocations=54 (full 0):
 garbage-first heap   total 324608K, used 230652K [0x0000000080000000, 0x0000000100000000)
  region size 1024K, 104 young (106496K), 10 survivors (10240K)
 Metaspace       used 110384K, capacity 113274K, committed 113392K, reserved 1148928K
  class space    used 13670K, capacity 14703K, committed 14744K, reserved 1048576K
}
Event: 306.087 GC heap after
{Heap after GC invocations=55 (full 0):
 garbage-first heap   total 324608K, used 141041K [0x0000000080000000, 0x0000000100000000)
  region size 1024K, 6 young (6144K), 6 survivors (6144K)
 Metaspace       used 110384K, capacity 113274K, committed 113392K, reserved 1148928K
  class space    used 13670K, capacity 14703K, committed 14744K, reserved 1048576K
}
Event: 485.175 GC heap before
{Heap before GC invocations=56 (full 0):
 garbage-first heap   total 324608K, used 255729K [0x0000000080000000, 0x0000000100000000)
  region size 1024K, 105 young (107520K), 6 survivors (6144K)
 Metaspace       used 123820K, capacity 127875K, committed 128240K, reserved 1161216K
  class space    used 15911K, capacity 17418K, committed 17560K, reserved 1048576K
}
Event: 485.186 GC heap after
{Heap after GC invocations=57 (full 0):
 garbage-first heap   total 324608K, used 136665K [0x0000000080000000, 0x0000000100000000)
  region size 1024K, 6 young (6144K), 6 survivors (6144K)
 Metaspace       used 123820K, capacity 127875K, committed 128240K, reserved 1161216K
  class space    used 15911K, capacity 17418K, committed 17560K, reserved 1048576K
}
Event: 621.662 GC heap before
{Heap before GC invocations=57 (full 0):
 garbage-first heap   total 324608K, used 145881K [0x0000000080000000, 0x0000000100000000)
  region size 1024K, 15 young (15360K), 6 survivors (6144K)
 Metaspace       used 123839K, capacity 127877K, committed 128240K, reserved 1161216K
  class space    used 15911K, capacity 17418K, committed 17560K, reserved 1048576K
}
Event: 621.676 GC heap after
{Heap after GC invocations=58 (full 0):
 garbage-first heap   total 324608K, used 124590K [0x0000000080000000, 0x0000000100000000)
  region size 1024K, 1 young (1024K), 1 survivors (1024K)
 Metaspace       used 123839K, capacity 127877K, committed 128240K, reserved 1161216K
  class space    used 15911K, capacity 17418K, committed 17560K, reserved 1048576K
}
Event: 739.621 GC heap before
{Heap before GC invocations=58 (full 0):
 garbage-first heap   total 324608K, used 245422K [0x0000000080000000, 0x0000000100000000)
  region size 1024K, 120 young (122880K), 1 survivors (1024K)
 Metaspace       used 124624K, capacity 128918K, committed 129136K, reserved 1161216K
  class space    used 16011K, capacity 17599K, committed 17688K, reserved 1048576K
}
Event: 739.630 GC heap after
{Heap after GC invocations=59 (full 0):
 garbage-first heap   total 324608K, used 133294K [0x0000000080000000, 0x0000000100000000)
  region size 1024K, 10 young (10240K), 10 survivors (10240K)
 Metaspace       used 124624K, capacity 128918K, committed 129136K, reserved 1161216K
  class space    used 16011K, capacity 17599K, committed 17688K, reserved 1048576K
}
Event: 767.987 GC heap before
{Heap before GC invocations=59 (full 0):
 garbage-first heap   total 324608K, used 243886K [0x0000000080000000, 0x0000000100000000)
  region size 1024K, 120 young (122880K), 10 survivors (10240K)
 Metaspace       used 131827K, capacity 136358K, committed 136560K, reserved 1167360K
  class space    used 16925K, capacity 18607K, committed 18712K, reserved 1048576K
}
Event: 768.013 GC heap after
{Heap after GC invocations=60 (full 0):
 garbage-first heap   total 324608K, used 143301K [0x0000000080000000, 0x0000000100000000)
  region size 1024K, 11 young (11264K), 11 survivors (11264K)
 Metaspace       used 131827K, capacity 136358K, committed 136560K, reserved 1167360K
  class space    used 16925K, capacity 18607K, committed 18712K, reserved 1048576K
}

