# JRE version: OpenJDK Runtime Environment (11.0.11+9) (build 11.0.11+9-b60-7590822)
# Java VM: OpenJDK 64-Bit Server VM (11.0.11+9-b60-7590822, mixed mode, tiered, compressed oops, g1 gc, windows-amd64)
Heap:
 garbage-first heap   total 225280K, used 149812K [0x0000000080000000, 0x0000000100000000)
  region size 1024K, 10 young (10240K), 4 survivors (4096K)
 Metaspace       used 134066K, capacity 137781K, committed 137936K, reserved 1169408K
  class space    used 16923K, capacity 18326K, committed 18432K, reserved 1048576K
GC Heap History (20 events):
Event: 165.221 GC heap before
{Heap before GC invocations=60 (full 0):
 garbage-first heap   total 225280K, used 178113K [0x0000000080000000, 0x0000000100000000)
  region size 1024K, 43 young (44032K), 1 survivors (1024K)
 Metaspace       used 126250K, capacity 129894K, committed 130128K, reserved 1161216K
  class space    used 16078K, capacity 17414K, committed 17536K, reserved 1048576K
}
Event: 165.230 GC heap after
{Heap after GC invocations=61 (full 0):
 garbage-first heap   total 225280K, used 142168K [0x0000000080000000, 0x0000000100000000)
  region size 1024K, 6 young (6144K), 6 survivors (6144K)
 Metaspace       used 126250K, capacity 129894K, committed 130128K, reserved 1161216K
  class space    used 16078K, capacity 17414K, committed 17536K, reserved 1048576K
}
Event: 165.305 GC heap before
{Heap before GC invocations=61 (full 0):
 garbage-first heap   total 225280K, used 152408K [0x0000000080000000, 0x0000000100000000)
  region size 1024K, 18 young (18432K), 6 survivors (6144K)
 Metaspace       used 126342K, capacity 129999K, committed 130256K, reserved 1161216K
  class space    used 16087K, capacity 17447K, committed 17664K, reserved 1048576K
}
Event: 165.320 GC heap after
{Heap after GC invocations=62 (full 0):
 garbage-first heap   total 225280K, used 143727K [0x0000000080000000, 0x0000000100000000)
  region size 1024K, 2 young (2048K), 2 survivors (2048K)
 Metaspace       used 126342K, capacity 129999K, committed 130256K, reserved 1161216K
  class space    used 16087K, capacity 17447K, committed 17664K, reserved 1048576K
}
Event: 165.689 GC heap before
{Heap before GC invocations=63 (full 0):
 garbage-first heap   total 225280K, used 175471K [0x0000000080000000, 0x0000000100000000)
  region size 1024K, 32 young (32768K), 2 survivors (2048K)
 Metaspace       used 127508K, capacity 131138K, committed 131280K, reserved 1163264K
  class space    used 16209K, capacity 17551K, committed 17664K, reserved 1048576K
}
Event: 165.701 GC heap after
{Heap after GC invocations=64 (full 0):
 garbage-first heap   total 225280K, used 158662K [0x0000000080000000, 0x0000000100000000)
  region size 1024K, 4 young (4096K), 4 survivors (4096K)
 Metaspace       used 127508K, capacity 131138K, committed 131280K, reserved 1163264K
  class space    used 16209K, capacity 17551K, committed 17664K, reserved 1048576K
}
Event: 165.765 GC heap before
{Heap before GC invocations=64 (full 0):
 garbage-first heap   total 225280K, used 164806K [0x0000000080000000, 0x0000000100000000)
  region size 1024K, 11 young (11264K), 4 survivors (4096K)
 Metaspace       used 127944K, capacity 131622K, committed 131920K, reserved 1163264K
  class space    used 16255K, capacity 17585K, committed 17792K, reserved 1048576K
}
Event: 165.782 GC heap after
{Heap after GC invocations=65 (full 0):
 garbage-first heap   total 225280K, used 149425K [0x0000000080000000, 0x0000000100000000)
  region size 1024K, 2 young (2048K), 2 survivors (2048K)
 Metaspace       used 127944K, capacity 131622K, committed 131920K, reserved 1163264K
  class space    used 16255K, capacity 17585K, committed 17792K, reserved 1048576K
}
Event: 165.910 GC heap before
{Heap before GC invocations=65 (full 0):
 garbage-first heap   total 225280K, used 157617K [0x0000000080000000, 0x0000000100000000)
  region size 1024K, 11 young (11264K), 2 survivors (2048K)
 Metaspace       used 128982K, capacity 132694K, committed 133072K, reserved 1165312K
  class space    used 16397K, capacity 17751K, committed 17920K, reserved 1048576K
}
Event: 165.931 GC heap after
{Heap after GC invocations=66 (full 0):
 garbage-first heap   total 225280K, used 146253K [0x0000000080000000, 0x0000000100000000)
  region size 1024K, 1 young (1024K), 1 survivors (1024K)
 Metaspace       used 128982K, capacity 132694K, committed 133072K, reserved 1165312K
  class space    used 16397K, capacity 17751K, committed 17920K, reserved 1048576K
}
Event: 166.168 GC heap before
{Heap before GC invocations=66 (full 0):
 garbage-first heap   total 225280K, used 161613K [0x0000000080000000, 0x0000000100000000)
  region size 1024K, 18 young (18432K), 1 survivors (1024K)
 Metaspace       used 130158K, capacity 133849K, committed 134224K, reserved 1165312K
  class space    used 16530K, capacity 17880K, committed 18048K, reserved 1048576K
}
Event: 166.179 GC heap after
{Heap after GC invocations=67 (full 0):
 garbage-first heap   total 225280K, used 154800K [0x0000000080000000, 0x0000000100000000)
  region size 1024K, 4 young (4096K), 4 survivors (4096K)
 Metaspace       used 130158K, capacity 133849K, committed 134224K, reserved 1165312K
  class space    used 16530K, capacity 17880K, committed 18048K, reserved 1048576K
}
Event: 166.501 GC heap before
{Heap before GC invocations=67 (full 0):
 garbage-first heap   total 225280K, used 193712K [0x0000000080000000, 0x0000000100000000)
  region size 1024K, 26 young (26624K), 4 survivors (4096K)
 Metaspace       used 132230K, capacity 135893K, committed 136144K, reserved 1167360K
  class space    used 16724K, capacity 18083K, committed 18176K, reserved 1048576K
}
Event: 166.511 GC heap after
{Heap after GC invocations=68 (full 0):
 garbage-first heap   total 225280K, used 156405K [0x0000000080000000, 0x0000000100000000)
  region size 1024K, 2 young (2048K), 2 survivors (2048K)
 Metaspace       used 132230K, capacity 135893K, committed 136144K, reserved 1167360K
  class space    used 16724K, capacity 18083K, committed 18176K, reserved 1048576K
}
Event: 166.637 GC heap before
{Heap before GC invocations=69 (full 0):
 garbage-first heap   total 225280K, used 178933K [0x0000000080000000, 0x0000000100000000)
  region size 1024K, 25 young (25600K), 2 survivors (2048K)
 Metaspace       used 132559K, capacity 136283K, committed 136528K, reserved 1167360K
  class space    used 16764K, capacity 18149K, committed 18304K, reserved 1048576K
}
Event: 166.646 GC heap after
{Heap after GC invocations=70 (full 0):
 garbage-first heap   total 225280K, used 157004K [0x0000000080000000, 0x0000000100000000)
  region size 1024K, 3 young (3072K), 3 survivors (3072K)
 Metaspace       used 132559K, capacity 136283K, committed 136528K, reserved 1167360K
  class space    used 16764K, capacity 18149K, committed 18304K, reserved 1048576K
}
Event: 166.696 GC heap before
{Heap before GC invocations=70 (full 0):
 garbage-first heap   total 225280K, used 164172K [0x0000000080000000, 0x0000000100000000)
  region size 1024K, 11 young (11264K), 3 survivors (3072K)
 Metaspace       used 132648K, capacity 136347K, committed 136528K, reserved 1167360K
  class space    used 16773K, capacity 18149K, committed 18304K, reserved 1048576K
}
Event: 166.710 GC heap after
{Heap after GC invocations=71 (full 0):
 garbage-first heap   total 225280K, used 154186K [0x0000000080000000, 0x0000000100000000)
  region size 1024K, 2 young (2048K), 2 survivors (2048K)
 Metaspace       used 132648K, capacity 136347K, committed 136528K, reserved 1167360K
  class space    used 16773K, capacity 18149K, committed 18304K, reserved 1048576K
}
Event: 166.952 GC heap before
{Heap before GC invocations=71 (full 0):
 garbage-first heap   total 225280K, used 181834K [0x0000000080000000, 0x0000000100000000)
  region size 1024K, 29 young (29696K), 2 survivors (2048K)
 Metaspace       used 133747K, capacity 137446K, committed 137680K, reserved 1169408K
  class space    used 16889K, capacity 18257K, committed 18432K, reserved 1048576K
}
Event: 166.961 GC heap after
{Heap after GC invocations=72 (full 0):
 garbage-first heap   total 225280K, used 158004K [0x0000000080000000, 0x0000000100000000)
  region size 1024K, 4 young (4096K), 4 survivors (4096K)
 Metaspace       used 133747K, capacity 137446K, committed 137680K, reserved 1169408K
  class space    used 16889K, capacity 18257K, committed 18432K, reserved 1048576K
}

