# JRE version: OpenJDK Runtime Environment (11.0.11+9) (build 11.0.11+9-b60-7590822)
# Java VM: OpenJDK 64-Bit Server VM (11.0.11+9-b60-7590822, mixed mode, tiered, compressed oops, g1 gc, windows-amd64)
Heap:
 garbage-first heap   total 610304K, used 279811K [0x0000000080000000, 0x0000000100000000)
  region size 1024K, 3 young (3072K), 3 survivors (3072K)
 Metaspace       used 147902K, capacity 152268K, committed 153584K, reserved 1181696K
  class space    used 17996K, capacity 19565K, committed 20632K, reserved 1048576K
GC Heap History (20 events):
Event: 1896.916 GC heap after
{Heap after GC invocations=128 (full 0):
 garbage-first heap   total 443392K, used 183798K [0x0000000080000000, 0x0000000100000000)
  region size 1024K, 6 young (6144K), 6 survivors (6144K)
 Metaspace       used 146177K, capacity 150581K, committed 153328K, reserved 1181696K
  class space    used 17876K, capacity 19430K, committed 20632K, reserved 1048576K
}
Event: 1897.974 GC heap before
{Heap before GC invocations=129 (full 0):
 garbage-first heap   total 443392K, used 353782K [0x0000000080000000, 0x0000000100000000)
  region size 1024K, 156 young (159744K), 6 survivors (6144K)
 Metaspace       used 147204K, capacity 151551K, committed 153328K, reserved 1181696K
  class space    used 17973K, capacity 19539K, committed 20632K, reserved 1048576K
}
Event: 1897.982 GC heap after
{Heap after GC invocations=130 (full 0):
 garbage-first heap   total 443392K, used 180326K [0x0000000080000000, 0x0000000100000000)
  region size 1024K, 3 young (3072K), 3 survivors (3072K)
 Metaspace       used 147204K, capacity 151551K, committed 153328K, reserved 1181696K
  class space    used 17973K, capacity 19539K, committed 20632K, reserved 1048576K
}
Event: 1898.195 GC heap before
{Heap before GC invocations=130 (full 0):
 garbage-first heap   total 443392K, used 197734K [0x0000000080000000, 0x0000000100000000)
  region size 1024K, 21 young (21504K), 3 survivors (3072K)
 Metaspace       used 147260K, capacity 151620K, committed 153328K, reserved 1181696K
  class space    used 17979K, capacity 19540K, committed 20632K, reserved 1048576K
}
Event: 1898.204 GC heap after
{Heap after GC invocations=131 (full 0):
 garbage-first heap   total 443392K, used 170607K [0x0000000080000000, 0x0000000100000000)
  region size 1024K, 2 young (2048K), 2 survivors (2048K)
 Metaspace       used 147260K, capacity 151620K, committed 153328K, reserved 1181696K
  class space    used 17979K, capacity 19540K, committed 20632K, reserved 1048576K
}
Event: 1898.637 GC heap before
{Heap before GC invocations=131 (full 0):
 garbage-first heap   total 443392K, used 240239K [0x0000000080000000, 0x0000000100000000)
  region size 1024K, 72 young (73728K), 2 survivors (2048K)
 Metaspace       used 147337K, capacity 151633K, committed 153328K, reserved 1181696K
  class space    used 17982K, capacity 19542K, committed 20632K, reserved 1048576K
}
Event: 1898.654 GC heap after
{Heap after GC invocations=132 (full 0):
 garbage-first heap   total 443392K, used 174635K [0x0000000080000000, 0x0000000100000000)
  region size 1024K, 6 young (6144K), 6 survivors (6144K)
 Metaspace       used 147337K, capacity 151633K, committed 153328K, reserved 1181696K
  class space    used 17982K, capacity 19542K, committed 20632K, reserved 1048576K
}
Event: 1899.397 GC heap before
{Heap before GC invocations=133 (full 0):
 garbage-first heap   total 443392K, used 367147K [0x0000000080000000, 0x0000000100000000)
  region size 1024K, 161 young (164864K), 6 survivors (6144K)
 Metaspace       used 147589K, capacity 151973K, committed 153328K, reserved 1181696K
  class space    used 17983K, capacity 19543K, committed 20632K, reserved 1048576K
}
Event: 1899.461 GC heap after
{Heap after GC invocations=134 (full 0):
 garbage-first heap   total 445440K, used 266885K [0x0000000080000000, 0x0000000100000000)
  region size 1024K, 21 young (21504K), 21 survivors (21504K)
 Metaspace       used 147589K, capacity 151973K, committed 153328K, reserved 1181696K
  class space    used 17983K, capacity 19543K, committed 20632K, reserved 1048576K
}
Event: 1899.470 GC heap before
{Heap before GC invocations=134 (full 0):
 garbage-first heap   total 445440K, used 267909K [0x0000000080000000, 0x0000000100000000)
  region size 1024K, 22 young (22528K), 21 survivors (21504K)
 Metaspace       used 147589K, capacity 151973K, committed 153328K, reserved 1181696K
  class space    used 17983K, capacity 19543K, committed 20632K, reserved 1048576K
}
Event: 1899.528 GC heap after
{Heap after GC invocations=135 (full 0):
 garbage-first heap   total 445440K, used 249644K [0x0000000080000000, 0x0000000100000000)
  region size 1024K, 3 young (3072K), 3 survivors (3072K)
 Metaspace       used 147589K, capacity 151973K, committed 153328K, reserved 1181696K
  class space    used 17983K, capacity 19543K, committed 20632K, reserved 1048576K
}
Event: 1899.898 GC heap before
{Heap before GC invocations=135 (full 0):
 garbage-first heap   total 445440K, used 340780K [0x0000000080000000, 0x0000000100000000)
  region size 1024K, 93 young (95232K), 3 survivors (3072K)
 Metaspace       used 147688K, capacity 152052K, committed 153328K, reserved 1181696K
  class space    used 17984K, capacity 19545K, committed 20632K, reserved 1048576K
}
Event: 1899.929 GC heap after
{Heap after GC invocations=136 (full 0):
 garbage-first heap   total 445440K, used 288768K [0x0000000080000000, 0x0000000100000000)
  region size 1024K, 12 young (12288K), 12 survivors (12288K)
 Metaspace       used 147688K, capacity 152052K, committed 153328K, reserved 1181696K
  class space    used 17984K, capacity 19545K, committed 20632K, reserved 1048576K
}
Event: 1900.448 GC heap before
{Heap before GC invocations=136 (full 0):
 garbage-first heap   total 445440K, used 336896K [0x0000000080000000, 0x0000000100000000)
  region size 1024K, 73 young (74752K), 12 survivors (12288K)
 Metaspace       used 147846K, capacity 152259K, committed 153584K, reserved 1181696K
  class space    used 17995K, capacity 19565K, committed 20632K, reserved 1048576K
}
Event: 1900.478 GC heap after
{Heap after GC invocations=137 (full 0):
 garbage-first heap   total 445440K, used 283003K [0x0000000080000000, 0x0000000100000000)
  region size 1024K, 7 young (7168K), 7 survivors (7168K)
 Metaspace       used 147846K, capacity 152259K, committed 153584K, reserved 1181696K
  class space    used 17995K, capacity 19565K, committed 20632K, reserved 1048576K
}
Event: 1900.917 GC heap before
{Heap before GC invocations=138 (full 0):
 garbage-first heap   total 445440K, used 359803K [0x0000000080000000, 0x0000000100000000)
  region size 1024K, 75 young (76800K), 7 survivors (7168K)
 Metaspace       used 147896K, capacity 152268K, committed 153584K, reserved 1181696K
  class space    used 17995K, capacity 19565K, committed 20632K, reserved 1048576K
}
Event: 1900.937 GC heap after
{Heap after GC invocations=139 (full 0):
 garbage-first heap   total 445440K, used 296114K [0x0000000080000000, 0x0000000100000000)
  region size 1024K, 6 young (6144K), 6 survivors (6144K)
 Metaspace       used 147896K, capacity 152268K, committed 153584K, reserved 1181696K
  class space    used 17995K, capacity 19565K, committed 20632K, reserved 1048576K
}
Event: 1901.047 GC heap before
{Heap before GC invocations=139 (full 0):
 garbage-first heap   total 445440K, used 311474K [0x0000000080000000, 0x0000000100000000)
  region size 1024K, 21 young (21504K), 6 survivors (6144K)
 Metaspace       used 147900K, capacity 152268K, committed 153584K, reserved 1181696K
  class space    used 17996K, capacity 19565K, committed 20632K, reserved 1048576K
}
Event: 1901.093 GC heap after
{Heap after GC invocations=140 (full 0):
 garbage-first heap   total 445440K, used 279037K [0x0000000080000000, 0x0000000100000000)
  region size 1024K, 2 young (2048K), 2 survivors (2048K)
 Metaspace       used 147900K, capacity 152268K, committed 153584K, reserved 1181696K
  class space    used 17996K, capacity 19565K, committed 20632K, reserved 1048576K
}
Event: 1901.137 GC heap before
{Heap before GC invocations=140 (full 0):
 garbage-first heap   total 445440K, used 287229K [0x0000000080000000, 0x0000000100000000)
  region size 1024K, 11 young (11264K), 2 survivors (2048K)
 Metaspace       used 147902K, capacity 152268K, committed 153584K, reserved 1181696K
  class space    used 17996K, capacity 19565K, committed 20632K, reserved 1048576K
}

